#
# A fatal error has been detected by the Java Runtime Environment:
#
#  EXCEPTION_ACCESS_VIOLATION (0xc0000005) at pc=0x00007ffed8182f1b, pid=7544, tid=7044
#
# JRE version: OpenJDK Runtime Environment (22.0.1+8) (build 22.0.1+8-16)
# Java VM: OpenJDK 64-Bit Server VM (22.0.1+8-16, mixed mode, sharing, tiered, compressed oops, compressed class ptrs, g1 gc, windows-amd64)
# Problematic frame:
# C  [nvoglv64.dll+0x14c2f1b]
#
# No core dump will be written. Minidumps are not enabled by default on client versions of Windows
#
# If you would like to submit a bug report, please visit:
#   https://bugreport.java.com/bugreport/crash.jsp
# The crash happened outside the Java Virtual Machine in native code.
# See problematic frame for where to report the bug.
#

---------------  S U M M A R Y ------------

Command Line: -Dfile.encoding=UTF-8 -Duser.country=DE -Duser.language=de -Duser.variant org.ravry.core.Main

Host: Intel(R) Core(TM) i7-7700 CPU @ 3.60GHz, 8 cores, 15G,  Windows 10 , 64 bit Build 19041 (10.0.19041.5678)
Time: Wed Apr 23 18:26:05 2025 Mitteleuropäische Sommerzeit elapsed time: 0.938383 seconds (0d 0h 0m 0s)

---------------  T H R E A D  ---------------

Current thread (0x000001db4f793820):  JavaThread "main"             [_thread_in_native, id=7044, stack(0x000000d815800000,0x000000d815900000) (1024K)]

Stack: [0x000000d815800000,0x000000d815900000],  sp=0x000000d8158fec28,  free space=1019k
Native frames: (J=compiled Java code, j=interpreted, Vv=VM code, C=native code)
C  [nvoglv64.dll+0x14c2f1b]  (no source info available)
C  [nvoglv64.dll+0x5766d1]  (no source info available)
C  [opengl32.dll+0x26c5a]  (no source info available)
C  [lwjgl_opengl.dll+0xcc45]  (no source info available)
C  0x000001db5f01cfc7  (no source info available)

The last pc belongs to native method entry point (kind = native) (printed below).
Java frames: (J=compiled Java code, j=interpreted, Vv=VM code)
j  org.lwjgl.opengl.GL11C.nglTexImage2D(IIIIIIIIJ)V+0
j  org.lwjgl.opengl.GL11C.glTexImage2D(IIIIIIIILjava/nio/ByteBuffer;)V+17
j  org.lwjgl.opengl.GL11.glTexImage2D(IIIIIIIILjava/nio/ByteBuffer;)V+14
j  org.ravry.graphics.Texture.<init>(Ljava/lang/String;)V+147
j  org.ravry.graphics.Renderer.<init>()V+36
j  org.ravry.graphics.Window.<init>(Ljava/lang/String;II)V+94
j  org.ravry.core.Main.main([Ljava/lang/String;)V+20
v  ~StubRoutines::call_stub 0x000001db5f01100d

siginfo: EXCEPTION_ACCESS_VIOLATION (0xc0000005), reading address 0x000001db6e9d0000


Registers:
RAX=0x000001db45c25c34, RBX=0x000001db45c25c34, RCX=0x0000000000002d20, RDX=0x000001db6e9ced20
RSP=0x000000d8158fec28, RBP=0x000000000201803b, RSI=0x000001db6e9d0000, RDI=0x000001db45c26f14
R8 =0x0000000000004000, R9 =0x000001db45c25c34, R10=0x00007ffed6cc0000, R11=0x00000007101ae680
R12=0x0000000000000020, R13=0x0000000000000de1, R14=0x0000000000000020, R15=0x0000000000001908
RIP=0x00007ffed8182f1b, EFLAGS=0x0000000000010202


Register to memory mapping:

RAX=0x000001db45c25c34 points into unknown readable memory: ff ff ff ff
RBX=0x000001db45c25c34 points into unknown readable memory: ff ff ff ff
RCX=0x0000000000002d20 is an unknown value
RDX=0x000001db6e9ced20 points into unknown readable memory: 0xffffffffffffffff | ff ff ff ff ff ff ff ff
RSP=0x000000d8158fec28 is pointing into the stack for thread: 0x000001db4f793820
RBP=0x000000000201803b is an unknown value
RSI=0x000001db6e9d0000 points into unknown readable memory: 0x0000000000000000 | 00 00 00 00 00 00 00 00
RDI=0x000001db45c26f14 points into unknown readable memory: 00 00 00 00
R8 =0x0000000000004000 is an unknown value
R9 =0x000001db45c25c34 points into unknown readable memory: ff ff ff ff
R10=0x00007ffed6cc0000 nvoglv64.dll
R11=0x00000007101ae680 is an oop: java.lang.Class 
{0x00000007101ae680} - klass: 'java/lang/Class'
 - ---- fields (total size 116 words):
 - private volatile transient 'classRedefinedCount' 'I' @12  0 (0x00000000)
 - injected 'klass' 'J' @16  2040126320624 (0x000001db01012ff0)
 - injected 'array_klass' 'J' @24  0 (0x0000000000000000)
 - injected 'oop_size' 'I' @32  116 (0x00000074)
 - injected 'static_oop_field_count' 'I' @36  0 (0x00000000)
 - private volatile transient 'cachedConstructor' 'Ljava/lang/reflect/Constructor;' @40  null (0x00000000)
 - private transient 'name' 'Ljava/lang/String;' @44  "org.lwjgl.opengl.GL11C"{0x00000007101aea20} (0xe2035d44)
 - private transient 'module' 'Ljava/lang/Module;' @48  a 'java/lang/Module'{0x0000000710669058} (0xe20cd20b)
 - private final 'classLoader' 'Ljava/lang/ClassLoader;' @52  a 'jdk/internal/loader/ClassLoaders$AppClassLoader'{0x0000000710668e98} (0xe20cd1d3)
 - private transient 'classData' 'Ljava/lang/Object;' @56  null (0x00000000)
 - private transient 'packageName' 'Ljava/lang/String;' @60  "org.lwjgl.opengl"{0x000000071003b288} (0xe2007651)
 - private final 'componentType' 'Ljava/lang/Class;' @64  null (0x00000000)
 - private volatile transient 'reflectionData' 'Ljava/lang/ref/SoftReference;' @68  null (0x00000000)
 - private volatile transient 'genericInfo' 'Lsun/reflect/generics/repository/ClassRepository;' @72  null (0x00000000)
 - private volatile transient 'enumConstants' '[Ljava/lang/Object;' @76  null (0x00000000)
 - private volatile transient 'enumConstantDirectory' 'Ljava/util/Map;' @80  null (0x00000000)
 - private volatile transient 'annotationData' 'Ljava/lang/Class$AnnotationData;' @84  null (0x00000000)
 - private volatile transient 'annotationType' 'Lsun/reflect/annotation/AnnotationType;' @88  null (0x00000000)
 - transient 'classValueMap' 'Ljava/lang/ClassValue$ClassValueMap;' @92  null (0x00000000)
 - injected 'protection_domain' 'Ljava/lang/Object;' @96  a 'java/security/ProtectionDomain'{0x000000071004dc78} (0xe2009b8f)
 - injected 'signers_name' 'Ljava/lang/Object;' @100  null (0x00000000)
 - injected 'source_file' 'Ljava/lang/Object;' @104  null (0x00000000)
 - signature: Lorg/lwjgl/opengl/GL11C;
 - ---- static fields (0):
 - public static final 'GL_NEVER' 'I' @112  512 (0x00000200)
 - public static final 'GL_LESS' 'I' @116  513 (0x00000201)
 - public static final 'GL_EQUAL' 'I' @120  514 (0x00000202)
 - public static final 'GL_LEQUAL' 'I' @124  515 (0x00000203)
 - public static final 'GL_GREATER' 'I' @128  516 (0x00000204)
 - public static final 'GL_NOTEQUAL' 'I' @132  517 (0x00000205)
 - public static final 'GL_GEQUAL' 'I' @136  518 (0x00000206)
 - public static final 'GL_ALWAYS' 'I' @140  519 (0x00000207)
 - public static final 'GL_DEPTH_BUFFER_BIT' 'I' @144  256 (0x00000100)
 - public static final 'GL_STENCIL_BUFFER_BIT' 'I' @148  1024 (0x00000400)
 - public static final 'GL_COLOR_BUFFER_BIT' 'I' @152  16384 (0x00004000)
 - public static final 'GL_POINTS' 'I' @156  0 (0x00000000)
 - public static final 'GL_LINES' 'I' @160  1 (0x00000001)
 - public static final 'GL_LINE_LOOP' 'I' @164  2 (0x00000002)
 - public static final 'GL_LINE_STRIP' 'I' @168  3 (0x00000003)
 - public static final 'GL_TRIANGLES' 'I' @172  4 (0x00000004)
 - public static final 'GL_TRIANGLE_STRIP' 'I' @176  5 (0x00000005)
 - public static final 'GL_TRIANGLE_FAN' 'I' @180  6 (0x00000006)
 - public static final 'GL_QUADS' 'I' @184  7 (0x00000007)
 - public static final 'GL_ZERO' 'I' @188  0 (0x00000000)
 - public static final 'GL_ONE' 'I' @192  1 (0x00000001)
 - public static final 'GL_SRC_COLOR' 'I' @196  768 (0x00000300)
 - public static final 'GL_ONE_MINUS_SRC_COLOR' 'I' @200  769 (0x00000301)
 - public static final 'GL_SRC_ALPHA' 'I' @204  770 (0x00000302)
 - public static final 'GL_ONE_MINUS_SRC_ALPHA' 'I' @208  771 (0x00000303)
 - public static final 'GL_DST_ALPHA' 'I' @212  772 (0x00000304)
 - public static final 'GL_ONE_MINUS_DST_ALPHA' 'I' @216  773 (0x00000305)
 - public static final 'GL_DST_COLOR' 'I' @220  774 (0x00000306)
 - public static final 'GL_ONE_MINUS_DST_COLOR' 'I' @224  775 (0x00000307)
 - public static final 'GL_SRC_ALPHA_SATURATE' 'I' @228  776 (0x00000308)
 - public static final 'GL_TRUE' 'I' @232  1 (0x00000001)
 - public static final 'GL_FALSE' 'I' @236  0 (0x00000000)
 - public static final 'GL_BYTE' 'I' @240  5120 (0x00001400)
 - public static final 'GL_UNSIGNED_BYTE' 'I' @244  5121 (0x00001401)
 - public static final 'GL_SHORT' 'I' @248  5122 (0x00001402)
 - public static final 'GL_UNSIGNED_SHORT' 'I' @252  5123 (0x00001403)
 - public static final 'GL_INT' 'I' @256  5124 (0x00001404)
 - public static final 'GL_UNSIGNED_INT' 'I' @260  5125 (0x00001405)
 - public static final 'GL_FLOAT' 'I' @264  5126 (0x00001406)
 - public static final 'GL_DOUBLE' 'I' @268  5130 (0x0000140a)
 - public static final 'GL_NONE' 'I' @272  0 (0x00000000)
 - public static final 'GL_FRONT_LEFT' 'I' @276  1024 (0x00000400)
 - public static final 'GL_FRONT_RIGHT' 'I' @280  1025 (0x00000401)
 - public static final 'GL_BACK_LEFT' 'I' @284  1026 (0x00000402)
 - public static final 'GL_BACK_RIGHT' 'I' @288  1027 (0x00000403)
 - public static final 'GL_FRONT' 'I' @292  1028 (0x00000404)
 - public static final 'GL_BACK' 'I' @296  1029 (0x00000405)
 - public static final 'GL_LEFT' 'I' @300  1030 (0x00000406)
 - public static final 'GL_RIGHT' 'I' @304  1031 (0x00000407)
 - public static final 'GL_FRONT_AND_BACK' 'I' @308  1032 (0x00000408)
 - public static final 'GL_NO_ERROR' 'I' @312  0 (0x00000000)
 - public static final 'GL_INVALID_ENUM' 'I' @316  1280 (0x00000500)
 - public static final 'GL_INVALID_VALUE' 'I' @320  1281 (0x00000501)
 - public static final 'GL_INVALID_OPERATION' 'I' @324  1282 (0x00000502)
 - public static final 'GL_STACK_OVERFLOW' 'I' @328  1283 (0x00000503)
 - public static final 'GL_STACK_UNDERFLOW' 'I' @332  1284 (0x00000504)
 - public static final 'GL_OUT_OF_MEMORY' 'I' @336  1285 (0x00000505)
 - public static final 'GL_CW' 'I' @340  2304 (0x00000900)
 - public static final 'GL_CCW' 'I' @344  2305 (0x00000901)
 - public static final 'GL_POINT_SIZE' 'I' @348  2833 (0x00000b11)
 - public static final 'GL_POINT_SIZE_RANGE' 'I' @352  2834 (0x00000b12)
 - public static final 'GL_POINT_SIZE_GRANULARITY' 'I' @356  2835 (0x00000b13)
 - public static final 'GL_LINE_SMOOTH' 'I' @360  2848 (0x00000b20)
 - public static final 'GL_LINE_WIDTH' 'I' @364  2849 (0x00000b21)
 - public static final 'GL_LINE_WIDTH_RANGE' 'I' @368  2850 (0x00000b22)
 - public static final 'GL_LINE_WIDTH_GRANULARITY' 'I' @372  2851 (0x00000b23)
 - public static final 'GL_POLYGON_MODE' 'I' @376  2880 (0x00000b40)
 - public static final 'GL_POLYGON_SMOOTH' 'I' @380  2881 (0x00000b41)
 - public static final 'GL_CULL_FACE' 'I' @384  2884 (0x00000b44)
 - public static final 'GL_CULL_FACE_MODE' 'I' @388  2885 (0x00000b45)
 - public static final 'GL_FRONT_FACE' 'I' @392  2886 (0x00000b46)
 - public static final 'GL_DEPTH_RANGE' 'I' @396  2928 (0x00000b70)
 - public static final 'GL_DEPTH_TEST' 'I' @400  2929 (0x00000b71)
 - public static final 'GL_DEPTH_WRITEMASK' 'I' @404  2930 (0x00000b72)
 - public static final 'GL_DEPTH_CLEAR_VALUE' 'I' @408  2931 (0x00000b73)
 - public static final 'GL_DEPTH_FUNC' 'I' @412  2932 (0x00000b74)
 - public static final 'GL_STENCIL_TEST' 'I' @416  2960 (0x00000b90)
 - public static final 'GL_STENCIL_CLEAR_VALUE' 'I' @420  2961 (0x00000b91)
 - public static final 'GL_STENCIL_FUNC' 'I' @424  2962 (0x00000b92)
 - public static final 'GL_STENCIL_VALUE_MASK' 'I' @428  2963 (0x00000b93)
 - public static final 'GL_STENCIL_FAIL' 'I' @432  2964 (0x00000b94)
 - public static final 'GL_STENCIL_PASS_DEPTH_FAIL' 'I' @436  2965 (0x00000b95)
 - public static final 'GL_STENCIL_PASS_DEPTH_PASS' 'I' @440  2966 (0x00000b96)
 - public static final 'GL_STENCIL_REF' 'I' @444  2967 (0x00000b97)
 - public static final 'GL_STENCIL_WRITEMASK' 'I' @448  2968 (0x00000b98)
 - public static final 'GL_VIEWPORT' 'I' @452  2978 (0x00000ba2)
 - public static final 'GL_DITHER' 'I' @456  3024 (0x00000bd0)
 - public static final 'GL_BLEND_DST' 'I' @460  3040 (0x00000be0)
 - public static final 'GL_BLEND_SRC' 'I' @464  3041 (0x00000be1)
 - public static final 'GL_BLEND' 'I' @468  3042 (0x00000be2)
 - public static final 'GL_LOGIC_OP_MODE' 'I' @472  3056 (0x00000bf0)
 - public static final 'GL_COLOR_LOGIC_OP' 'I' @476  3058 (0x00000bf2)
 - public static final 'GL_DRAW_BUFFER' 'I' @480  3073 (0x00000c01)
 - public static final 'GL_READ_BUFFER' 'I' @484  3074 (0x00000c02)
 - public static final 'GL_SCISSOR_BOX' 'I' @488  3088 (0x00000c10)
 - public static final 'GL_SCISSOR_TEST' 'I' @492  3089 (0x00000c11)
 - public static final 'GL_COLOR_CLEAR_VALUE' 'I' @496  3106 (0x00000c22)
 - public static final 'GL_COLOR_WRITEMASK' 'I' @500  3107 (0x00000c23)
 - public static final 'GL_DOUBLEBUFFER' 'I' @504  3122 (0x00000c32)
 - public static final 'GL_STEREO' 'I' @508  3123 (0x00000c33)
 - public static final 'GL_LINE_SMOOTH_HINT' 'I' @512  3154 (0x00000c52)
 - public static final 'GL_POLYGON_SMOOTH_HINT' 'I' @516  3155 (0x00000c53)
 - public static final 'GL_UNPACK_SWAP_BYTES' 'I' @520  3312 (0x00000cf0)
 - public static final 'GL_UNPACK_LSB_FIRST' 'I' @524  3313 (0x00000cf1)
 - public static final 'GL_UNPACK_ROW_LENGTH' 'I' @528  3314 (0x00000cf2)
 - public static final 'GL_UNPACK_SKIP_ROWS' 'I' @532  3315 (0x00000cf3)
 - public static final 'GL_UNPACK_SKIP_PIXELS' 'I' @536  3316 (0x00000cf4)
 - public static final 'GL_UNPACK_ALIGNMENT' 'I' @540  3317 (0x00000cf5)
 - public static final 'GL_PACK_SWAP_BYTES' 'I' @544  3328 (0x00000d00)
 - public static final 'GL_PACK_LSB_FIRST' 'I' @548  3329 (0x00000d01)
 - public static final 'GL_PACK_ROW_LENGTH' 'I' @552  3330 (0x00000d02)
 - public static final 'GL_PACK_SKIP_ROWS' 'I' @556  3331 (0x00000d03)
 - public static final 'GL_PACK_SKIP_PIXELS' 'I' @560  3332 (0x00000d04)
 - public static final 'GL_PACK_ALIGNMENT' 'I' @564  3333 (0x00000d05)
 - public static final 'GL_MAX_TEXTURE_SIZE' 'I' @568  3379 (0x00000d33)
 - public static final 'GL_MAX_VIEWPORT_DIMS' 'I' @572  3386 (0x00000d3a)
 - public static final 'GL_SUBPIXEL_BITS' 'I' @576  3408 (0x00000d50)
 - public static final 'GL_TEXTURE_1D' 'I' @580  3552 (0x00000de0)
 - public static final 'GL_TEXTURE_2D' 'I' @584  3553 (0x00000de1)
 - public static final 'GL_TEXTURE_WIDTH' 'I' @588  4096 (0x00001000)
 - public static final 'GL_TEXTURE_HEIGHT' 'I' @592  4097 (0x00001001)
 - public static final 'GL_TEXTURE_INTERNAL_FORMAT' 'I' @596  4099 (0x00001003)
 - public static final 'GL_TEXTURE_BORDER_COLOR' 'I' @600  4100 (0x00001004)
 - public static final 'GL_DONT_CARE' 'I' @604  4352 (0x00001100)
 - public static final 'GL_FASTEST' 'I' @608  4353 (0x00001101)
 - public static final 'GL_NICEST' 'I' @612  4354 (0x00001102)
 - public static final 'GL_CLEAR' 'I' @616  5376 (0x00001500)
 - public static final 'GL_AND' 'I' @620  5377 (0x00001501)
 - public static final 'GL_AND_REVERSE' 'I' @624  5378 (0x00001502)
 - public static final 'GL_COPY' 'I' @628  5379 (0x00001503)
 - public static final 'GL_AND_INVERTED' 'I' @632  5380 (0x00001504)
 - public static final 'GL_NOOP' 'I' @636  5381 (0x00001505)
 - public static final 'GL_XOR' 'I' @640  5382 (0x00001506)
 - public static final 'GL_OR' 'I' @644  5383 (0x00001507)
 - public static final 'GL_NOR' 'I' @648  5384 (0x00001508)
 - public static final 'GL_EQUIV' 'I' @652  5385 (0x00001509)
 - public static final 'GL_INVERT' 'I' @656  5386 (0x0000150a)
 - public static final 'GL_OR_REVERSE' 'I' @660  5387 (0x0000150b)
 - public static final 'GL_COPY_INVERTED' 'I' @664  5388 (0x0000150c)
 - public static final 'GL_OR_INVERTED' 'I' @668  5389 (0x0000150d)
 - public static final 'GL_NAND' 'I' @672  5390 (0x0000150e)
 - public static final 'GL_SET' 'I' @676  5391 (0x0000150f)
 - public static final 'GL_TEXTURE' 'I' @680  5890 (0x00001702)
 - public static final 'GL_COLOR' 'I' @684  6144 (0x00001800)
 - public static final 'GL_DEPTH' 'I' @688  6145 (0x00001801)
 - public static final 'GL_STENCIL' 'I' @692  6146 (0x00001802)
 - public static final 'GL_STENCIL_INDEX' 'I' @696  6401 (0x00001901)
 - public static final 'GL_DEPTH_COMPONENT' 'I' @700  6402 (0x00001902)
 - public static final 'GL_RED' 'I' @704  6403 (0x00001903)
 - public static final 'GL_GREEN' 'I' @708  6404 (0x00001904)
 - public static final 'GL_BLUE' 'I' @712  6405 (0x00001905)
 - public static final 'GL_ALPHA' 'I' @716  6406 (0x00001906)
 - public static final 'GL_RGB' 'I' @720  6407 (0x00001907)
 - public static final 'GL_RGBA' 'I' @724  6408 (0x00001908)
 - public static final 'GL_POINT' 'I' @728  6912 (0x00001b00)
 - public static final 'GL_LINE' 'I' @732  6913 (0x00001b01)
 - public static final 'GL_FILL' 'I' @736  6914 (0x00001b02)
 - public static final 'GL_KEEP' 'I' @740  7680 (0x00001e00)
 - public static final 'GL_REPLACE' 'I' @744  7681 (0x00001e01)
 - public static final 'GL_INCR' 'I' @748  7682 (0x00001e02)
 - public static final 'GL_DECR' 'I' @752  7683 (0x00001e03)
 - public static final 'GL_VENDOR' 'I' @756  7936 (0x00001f00)
 - public static final 'GL_RENDERER' 'I' @760  7937 (0x00001f01)
 - public static final 'GL_VERSION' 'I' @764  7938 (0x00001f02)
 - public static final 'GL_EXTENSIONS' 'I' @768  7939 (0x00001f03)
 - public static final 'GL_NEAREST' 'I' @772  9728 (0x00002600)
 - public static final 'GL_LINEAR' 'I' @776  9729 (0x00002601)
 - public static final 'GL_NEAREST_MIPMAP_NEAREST' 'I' @780  9984 (0x00002700)
 - public static final 'GL_LINEAR_MIPMAP_NEAREST' 'I' @784  9985 (0x00002701)
 - public static final 'GL_NEAREST_MIPMAP_LINEAR' 'I' @788  9986 (0x00002702)
 - public static final 'GL_LINEAR_MIPMAP_LINEAR' 'I' @792  9987 (0x00002703)
 - public static final 'GL_TEXTURE_MAG_FILTER' 'I' @796  10240 (0x00002800)
 - public static final 'GL_TEXTURE_MIN_FILTER' 'I' @800  10241 (0x00002801)
 - public static final 'GL_TEXTURE_WRAP_S' 'I' @804  10242 (0x00002802)
 - public static final 'GL_TEXTURE_WRAP_T' 'I' @808  10243 (0x00002803)
 - public static final 'GL_REPEAT' 'I' @812  10497 (0x00002901)
 - public static final 'GL_POLYGON_OFFSET_FACTOR' 'I' @816  32824 (0x00008038)
 - public static final 'GL_POLYGON_OFFSET_UNITS' 'I' @820  10752 (0x00002a00)
 - public static final 'GL_POLYGON_OFFSET_POINT' 'I' @824  10753 (0x00002a01)
 - public static final 'GL_POLYGON_OFFSET_LINE' 'I' @828  10754 (0x00002a02)
 - public static final 'GL_POLYGON_OFFSET_FILL' 'I' @832  32823 (0x00008037)
 - public static final 'GL_R3_G3_B2' 'I' @836  10768 (0x00002a10)
 - public static final 'GL_RGB4' 'I' @840  32847 (0x0000804f)
 - public static final 'GL_RGB5' 'I' @844  32848 (0x00008050)
 - public static final 'GL_RGB8' 'I' @848  32849 (0x00008051)
 - public static final 'GL_RGB10' 'I' @852  32850 (0x00008052)
 - public static final 'GL_RGB12' 'I' @856  32851 (0x00008053)
 - public static final 'GL_RGB16' 'I' @860  32852 (0x00008054)
 - public static final 'GL_RGBA2' 'I' @864  32853 (0x00008055)
 - public static final 'GL_RGBA4' 'I' @868  32854 (0x00008056)
 - public static final 'GL_RGB5_A1' 'I' @872  32855 (0x00008057)
 - public static final 'GL_RGBA8' 'I' @876  32856 (0x00008058)
 - public static final 'GL_RGB10_A2' 'I' @880  32857 (0x00008059)
 - public static final 'GL_RGBA12' 'I' @884  32858 (0x0000805a)
 - public static final 'GL_RGBA16' 'I' @888  32859 (0x0000805b)
 - public static final 'GL_TEXTURE_RED_SIZE' 'I' @892  32860 (0x0000805c)
 - public static final 'GL_TEXTURE_GREEN_SIZE' 'I' @896  32861 (0x0000805d)
 - public static final 'GL_TEXTURE_BLUE_SIZE' 'I' @900  32862 (0x0000805e)
 - public static final 'GL_TEXTURE_ALPHA_SIZE' 'I' @904  32863 (0x0000805f)
 - public static final 'GL_PROXY_TEXTURE_1D' 'I' @908  32867 (0x00008063)
 - public static final 'GL_PROXY_TEXTURE_2D' 'I' @912  32868 (0x00008064)
 - public static final 'GL_TEXTURE_BINDING_1D' 'I' @916  32872 (0x00008068)
 - public static final 'GL_TEXTURE_BINDING_2D' 'I' @920  32873 (0x00008069)
 - public static final 'GL_VERTEX_ARRAY' 'I' @924  32884 (0x00008074)
R12=0x0000000000000020 is an unknown value
R13=0x0000000000000de1 is an unknown value
R14=0x0000000000000020 is an unknown value
R15=0x0000000000001908 is an unknown value

Top of Stack: (sp=0x000000d8158fec28)
0x000000d8158fec28:   0000000000004000 000001db47188080
0x000000d8158fec38:   00007ffed72366d1 0000000000001405
0x000000d8158fec48:   0000000000000de1 000001db47188080
0x000000d8158fec58:   0000000000000000 0000000000001908
0x000000d8158fec68:   0000000800001405 000001db6e9ced20
0x000000d8158fec78:   000001db45611f00 000001db4f793820
0x000000d8158fec88:   000000d8158fee98 000001db41594df8
0x000000d8158fec98:   0000000000000000 0000000000001908
0x000000d8158feca8:   00007ffeec5e6c5a 0000000000000020
0x000000d8158fecb8:   0000006000000000 0000000000000de1
0x000000d8158fecc8:   0000000000000000 0000000000000020
0x000000d8158fecd8:   000001db00000000 000001db00001908
0x000000d8158fece8:   000001db00001405 000001db6e9ced20
0x000000d8158fecf8:   00007ffeda46cb35 000001db5f0188c0
0x000000d8158fed08:   00007fff064ecc45 0000000000000de1
0x000000d8158fed18:   000000d8158fee30 000001db6e9ced20
0x000000d8158fed28:   000001db4f793820 000001db00000020
0x000000d8158fed38:   000001db00000000 000001db00001908
0x000000d8158fed48:   000001db00001405 000001db6e9ced20
0x000000d8158fed58:   000001db4f793820 000001db41594df8
0x000000d8158fed68:   000001db5f01cfc7 000001db41594df8
0x000000d8158fed78:   000001db4f793820 000001db4f793820
0x000000d8158fed88:   00007ffeda46a3c1 0000000000001908
0x000000d8158fed98:   00007ffe00000020 000001db00000020
0x000000d8158feda8:   000000d800000000 000001db00001908
0x000000d8158fedb8:   000001db00001405 000001db6e9ced20
0x000000d8158fedc8:   000001db6e9ced20 000000d8158fee48
0x000000d8158fedd8:   000001db5f018a08 000001db5f01cc5b
0x000000d8158fede8:   fffffffffffffff7 000001db41594df8
0x000000d8158fedf8:   000000000000000d 000001db4159b920
0x000000d8158fee08:   0000000000000000 00000007101ae680
0x000000d8158fee18:   000001db41594df8 0000000000000000 

Instructions: (pc=0x00007ffed8182f1b)
0x00007ffed8182e1b:   00 00 00 00 00 48 2b d1 49 83 f8 08 72 22 f6 c1
0x00007ffed8182e2b:   07 74 14 66 90 8a 01 3a 04 11 75 2c 48 ff c1 49
0x00007ffed8182e3b:   ff c8 f6 c1 07 75 ee 4d 8b c8 49 c1 e9 03 75 1f
0x00007ffed8182e4b:   4d 85 c0 74 0f 8a 01 3a 04 11 75 0c 48 ff c1 49
0x00007ffed8182e5b:   ff c8 75 f1 48 33 c0 c3 1b c0 83 d8 ff c3 90 49
0x00007ffed8182e6b:   c1 e9 02 74 37 48 8b 01 48 3b 04 11 75 5b 48 8b
0x00007ffed8182e7b:   41 08 48 3b 44 11 08 75 4c 48 8b 41 10 48 3b 44
0x00007ffed8182e8b:   11 10 75 3d 48 8b 41 18 48 3b 44 11 18 75 2e 48
0x00007ffed8182e9b:   83 c1 20 49 ff c9 75 cd 49 83 e0 1f 4d 8b c8 49
0x00007ffed8182eab:   c1 e9 03 74 9b 48 8b 01 48 3b 04 11 75 1b 48 83
0x00007ffed8182ebb:   c1 08 49 ff c9 75 ee 49 83 e0 07 eb 83 48 83 c1
0x00007ffed8182ecb:   08 48 83 c1 08 48 83 c1 08 48 8b 0c 0a 48 0f c8
0x00007ffed8182edb:   48 0f c9 48 3b c1 1b c0 83 d8 ff c3 cc cc cc cc
0x00007ffed8182eeb:   cc cc cc cc cc cc cc cc cc cc cc 66 66 0f 1f 84
0x00007ffed8182efb:   00 00 00 00 00 cc cc cc cc cc cc 66 66 0f 1f 84
0x00007ffed8182f0b:   00 00 00 00 00 57 56 48 8b f9 48 8b f2 49 8b c8
0x00007ffed8182f1b:   f3 a4 5e 5f c3 48 8b c1 4c 8d 15 d6 d0 b3 fe 49
0x00007ffed8182f2b:   83 f8 0f 0f 87 0c 01 00 00 66 66 66 66 0f 1f 84
0x00007ffed8182f3b:   00 00 00 00 00 47 8b 8c 82 10 6c 39 02 4d 03 ca
0x00007ffed8182f4b:   41 ff e1 c3 90 4c 8b 02 8b 4a 08 44 0f b7 4a 0c
0x00007ffed8182f5b:   44 0f b6 52 0e 4c 89 00 89 48 08 66 44 89 48 0c
0x00007ffed8182f6b:   44 88 50 0e c3 4c 8b 02 0f b7 4a 08 44 0f b6 4a
0x00007ffed8182f7b:   0a 4c 89 00 66 89 48 08 44 88 48 0a c3 0f b7 0a
0x00007ffed8182f8b:   66 89 08 c3 90 8b 0a 44 0f b7 42 04 44 0f b6 4a
0x00007ffed8182f9b:   06 89 08 66 44 89 40 04 44 88 48 06 c3 4c 8b 02
0x00007ffed8182fab:   8b 4a 08 44 0f b7 4a 0c 4c 89 00 89 48 08 66 44
0x00007ffed8182fbb:   89 48 0c c3 0f b7 0a 44 0f b6 42 02 66 89 08 44
0x00007ffed8182fcb:   88 40 02 c3 90 4c 8b 02 8b 4a 08 44 0f b6 4a 0c
0x00007ffed8182fdb:   4c 89 00 89 48 08 44 88 48 0c c3 4c 8b 02 0f b7
0x00007ffed8182feb:   4a 08 4c 89 00 66 89 48 08 c3 4c 8b 02 0f b6 4a
0x00007ffed8182ffb:   08 4c 89 00 88 48 08 c3 4c 8b 02 8b 4a 08 4c 89
0x00007ffed818300b:   00 89 48 08 c3 8b 0a 44 0f b7 42 04 89 08 66 44 


Stack slot to memory mapping:

stack at sp + 0 slots: 0x0000000000004000 is an unknown value
stack at sp + 1 slots: 0x000001db47188080 points into unknown readable memory: 0x0000000000000000 | 00 00 00 00 00 00 00 00
stack at sp + 2 slots: 0x00007ffed72366d1 nvoglv64.dll
stack at sp + 3 slots: 0x0000000000001405 is an unknown value
stack at sp + 4 slots: 0x0000000000000de1 is an unknown value
stack at sp + 5 slots: 0x000001db47188080 points into unknown readable memory: 0x0000000000000000 | 00 00 00 00 00 00 00 00
stack at sp + 6 slots: 0x0 is null
stack at sp + 7 slots: 0x0000000000001908 is an unknown value

native method entry point (kind = native)  [0x000001db5f01cba0, 0x000001db5f01d6c0]  2848 bytes
[MachCode]
  0x000001db5f01cba0: 488b 4b08 | 0fb7 492e | 584c 8d74 | ccf8 6800 | 0000 0068 | 0000 0000 | 5055 488b | ec41 5568 
  0x000001db5f01cbc0: 0000 0000 | 4c8b 6b08 | 4d8d 6d38 | 5348 8b53 | 0848 8b52 | 0848 8b52 | 1848 8b52 | 7048 8b12 
  0x000001db5f01cbe0: 5248 8b53 | 1048 85d2 | 0f84 0700 | 0000 4881 | c210 0100 | 0052 488b | 5308 488b | 5208 488b 
  0x000001db5f01cc00: 5210 5249 | 8bc6 482b | c548 c1e8 | 0350 6800 | 0000 0068 | f7ff ffff | 41c6 8781 | 0400 0001 
  0x000001db5f01cc20: 488b 4310 | 4885 c074 | 208b 88cc | 0000 0083 | c102 8988 | cc00 0000 | 2388 e000 | 0000 0f84 
  0x000001db5f01cc40: cb09 0000 | e9cf 0000 | 0048 8b43 | 1848 85c0 | 0f85 b000 | 0000 e805 | 0000 00e9 | 9900 0000 
  0x000001db5f01cc60: 488b d348 | 8d44 2408 | 4c89 6dc0 | 498b cfc5 | f877 4989 | afb0 0300 | 0049 8987 | a003 0000 
  0x000001db5f01cc80: 4883 ec20 | 40f6 c40f | 0f84 1900 | 0000 4883 | ec08 48b8 | a0a3 46da | fe7f 0000 | ffd0 4883 
  0x000001db5f01cca0: c408 e90c | 0000 0048 | b8a0 a346 | dafe 7f00 | 00ff d048 | 83c4 2049 | c787 a003 | 0000 0000 
  0x000001db5f01ccc0: 0000 49c7 | 87b0 0300 | 0000 0000 | 0049 c787 | a803 0000 | 0000 0000 | c5f8 7749 | 837f 0800 
  0x000001db5f01cce0: 0f84 0500 | 0000 e915 | 42ff ff4c | 8b6d c04c | 8b75 c84e | 8d74 f500 | c348 8b43 | 1848 85c0 
  0x000001db5f01cd00: 0f84 1200 | 0000 8b48 | 0883 c102 | 8948 0823 | 481c 0f84 | f708 0000 | 493b a7f0 | 0400 000f 
  0x000001db5f01cd20: 8748 0000 | 0089 8424 | 00f0 ffff | 8984 2400 | e0ff ff89 | 8424 00d0 | ffff 8984 | 2400 c0ff 
  0x000001db5f01cd40: ff89 8424 | 00b0 ffff | 8984 2400 | a0ff ff89 | 8424 0090 | ffff 8984 | 2400 80ff | ff49 3ba7 
  0x000001db5f01cd60: e804 0000 | 7607 4989 | a7f0 0400 | 0041 c687 | 8104 0000 | 0049 ba9c | 30cd dafe | 7f00 0041 
  0x000001db5f01cd80: 803a 000f | 843e 0000 | 0048 8b55 | e849 8bcf | 4883 ec20 | 40f6 c40f | 0f84 1900 | 0000 4883 
  0x000001db5f01cda0: ec08 48b8 | 40b5 7dda | fe7f 0000 | ffd0 4883 | c408 e90c | 0000 0048 | b840 b57d | dafe 7f00 
  0x000001db5f01cdc0: 00ff d048 | 83c4 2048 | 8b5d e84c | 8b5b 0845 | 0fb7 5b2e | 41c1 e303 | 492b e348 | 83ec 2048 
  0x000001db5f01cde0: 83e4 f04c | 8b5b 604d | 85db 0f85 | ab00 0000 | e805 0000 | 00e9 9900 | 0000 488b | d348 8d44 
  0x000001db5f01ce00: 2408 4c89 | 6dc0 498b | cfc5 f877 | 4989 afb0 | 0300 0049 | 8987 a003 | 0000 4883 | ec20 40f6 
  0x000001db5f01ce20: c40f 0f84 | 1900 0000 | 4883 ec08 | 48b8 c0ca | 46da fe7f | 0000 ffd0 | 4883 c408 | e90c 0000 
  0x000001db5f01ce40: 0048 b8c0 | ca46 dafe | 7f00 00ff | d048 83c4 | 2049 c787 | a003 0000 | 0000 0000 | 49c7 87b0 
  0x000001db5f01ce60: 0300 0000 | 0000 0049 | c787 a803 | 0000 0000 | 0000 c5f8 | 7749 837f | 0800 0f84 | 0500 0000 
  0x000001db5f01ce80: e97b 40ff | ff4c 8b6d | c04c 8b75 | c84e 8d74 | f500 c348 | 8b5d e84c | 8b5b 6041 | ffd3 488b 
  0x000001db5f01cea0: 5de8 4889 | 4518 448b | 5b28 41f6 | c308 0f84 | 1b00 0000 | 4c8b 5b08 | 4d8b 5b08 | 4d8b 5b18 
  0x000001db5f01cec0: 4d8b 5b70 | 4d8b 1b4c | 895d 1048 | 8d55 1048 | 8b43 5849 | ba40 0c7e | dafe 7f00 | 0049 3bc2 
  0x000001db5f01cee0: 0f85 ab00 | 0000 e805 | 0000 00e9 | 9900 0000 | 488b d348 | 8d44 2408 | 4c89 6dc0 | 498b cfc5 
  0x000001db5f01cf00: f877 4989 | afb0 0300 | 0049 8987 | a003 0000 | 4883 ec20 | 40f6 c40f | 0f84 1900 | 0000 4883 
  0x000001db5f01cf20: ec08 48b8 | c0ca 46da | fe7f 0000 | ffd0 4883 | c408 e90c | 0000 0048 | b8c0 ca46 | dafe 7f00 
  0x000001db5f01cf40: 00ff d048 | 83c4 2049 | c787 a003 | 0000 0000 | 0000 49c7 | 87b0 0300 | 0000 0000 | 0049 c787 
  0x000001db5f01cf60: a803 0000 | 0000 0000 | c5f8 7749 | 837f 0800 | 0f84 0500 | 0000 e985 | 3fff ff4c | 8b6d c04c 
  0x000001db5f01cf80: 8b75 c84e | 8d74 f500 | c348 8b5d | e848 8b43 | 5849 8d8f | c003 0000 | c5f8 7749 | 89af b003 
  0x000001db5f01cfa0: 0000 49ba | 98cf 015f | db01 0000 | 4d89 97a8 | 0300 0049 | 89a7 a003 | 0000 41c7 | 8754 0400 
  0x000001db5f01cfc0: 0004 0000 | 00ff d0c5 | f877 4883 | ec10 c5fb | 1104 2448 | 83ec 1048 | 8904 2448 | c744 2408 
  0x000001db5f01cfe0: 0000 0000 | 41c7 8754 | 0400 0005 | 0000 00f0 | 8344 24c0 | 0049 3baf | 5804 0000 | 0f87 0e00 
  0x000001db5f01d000: 0000 4183 | bf50 0400 | 0000 0f84 | 2000 0000 | 498b cf4c | 8be4 4883 | ec20 4883 | e4f0 48b8 
  0x000001db5f01d020: d01e 48da | fe7f 0000 | ffd0 498b | e44d 33e4 | 41c7 8754 | 0400 0008 | 0000 0049 | c787 a003 
  0x000001db5f01d040: 0000 0000 | 0000 49c7 | 87b0 0300 | 0000 0000 | 0049 c787 | a803 0000 | 0000 0000 | c5f8 774d 
  0x000001db5f01d060: 8b9f 3004 | 0000 41c7 | 8300 0100 | 0000 0000 | 0049 bb1a | a501 5fdb | 0100 004c | 3b5d 180f 
  0x000001db5f01d080: 8524 0200 | 0048 8b04 | 2448 83c4 | 1048 85c0 | 0f84 fe01 | 0000 a803 | 0f85 0800 | 0000 488b 
  0x000001db5f01d0a0: 00e9 ee01 | 0000 a801 | 0f85 0900 | 0000 488b | 40fe e9dd | 0100 0048 | 8b40 ff41 | 807f 3800 
  0x000001db5f01d0c0: 0f84 ce01 | 0000 4883 | f800 0f84 | c401 0000 | 4d8b 5f28 | 4983 fb00 | 0f84 1400 | 0000 4983 
  0x000001db5f01d0e0: eb08 4d89 | 5f28 4d03 | 5f30 4989 | 03e9 a201 | 0000 4881 | ecd0 0000 | 0048 8904 | 2448 894c 
  0x000001db5f01d100: 2408 4889 | 5424 1048 | 8974 2418 | 4889 7c24 | 204c 8944 | 2428 4c89 | 4c24 304c | 8954 2438 
  0x000001db5f01d120: 4c89 5c24 | 40c5 fb11 | 4424 50c5 | fb11 4c24 | 58c5 fb11 | 5424 60c5 | fb11 5c24 | 68c5 fb11 
  0x000001db5f01d140: 6424 70c5 | fb11 6c24 | 78c5 fb11 | b424 8000 | 0000 c5fb | 11bc 2488 | 0000 00c5 | 7b11 8424 
  0x000001db5f01d160: 9000 0000 | c57b 118c | 2498 0000 | 00c5 7b11 | 9424 a000 | 0000 c57b | 119c 24a8 | 0000 00c5 
  0x000001db5f01d180: 7b11 a424 | b000 0000 | c57b 11ac | 24b8 0000 | 00c5 7b11 | b424 c000 | 0000 c57b | 11bc 24c8 
  0x000001db5f01d1a0: 0000 0049 | 8bd7 488b | c848 83ec | 2040 f6c4 | 0f0f 8419 | 0000 0048 | 83ec 0848 | b8e0 3e3b 
  0x000001db5f01d1c0: dafe 7f00 | 00ff d048 | 83c4 08e9 | 0c00 0000 | 48b8 e03e | 3bda fe7f | 0000 ffd0 | 4883 c420 
  0x000001db5f01d1e0: c57b 10bc | 24c8 0000 | 00c5 7b10 | b424 c000 | 0000 c57b | 10ac 24b8 | 0000 00c5 | 7b10 a424 
  0x000001db5f01d200: b000 0000 | c57b 109c | 24a8 0000 | 00c5 7b10 | 9424 a000 | 0000 c57b | 108c 2498 | 0000 00c5 
  0x000001db5f01d220: 7b10 8424 | 9000 0000 | c5fb 10bc | 2488 0000 | 00c5 fb10 | b424 8000 | 0000 c5fb | 106c 2478 
  0x000001db5f01d240: c5fb 1064 | 2470 c5fb | 105c 2468 | c5fb 1054 | 2460 c5fb | 104c 2458 | c5fb 1044 | 2450 4c8b 
  0x000001db5f01d260: 5c24 404c | 8b54 2438 | 4c8b 4c24 | 304c 8b44 | 2428 488b | 7c24 2048 | 8b74 2418 | 488b 5424 
  0x000001db5f01d280: 1048 8b4c | 2408 488b | 0424 4881 | c4d0 0000 | 00c5 f877 | 4889 4510 | 4883 ec10 | 4889 0424 
  0x000001db5f01d2a0: 48c7 4424 | 0800 0000 | 0041 83bf | d004 0000 | 020f 85bf | 0000 0048 | 81ec 8000 | 0000 4889 
  0x000001db5f01d2c0: 4424 7848 | 894c 2470 | 4889 5424 | 6848 895c | 2460 4889 | 6c24 5048 | 8974 2448 | 4889 7c24 
  0x000001db5f01d2e0: 404c 8944 | 2438 4c89 | 4c24 304c | 8954 2428 | 4c89 5c24 | 204c 8964 | 2418 4c89 | 6c24 104c 
  0x000001db5f01d300: 8974 2408 | 4c89 3c24 | 4c8b e448 | 83ec 2048 | 83e4 f048 | b890 ed7d | dafe 7f00 | 00ff d049 
  0x000001db5f01d320: 8be4 4c8b | 3c24 4c8b | 7424 084c | 8b6c 2410 | 4c8b 6424 | 184c 8b5c | 2420 4c8b | 5424 284c 
  0x000001db5f01d340: 8b4c 2430 | 4c8b 4424 | 3848 8b7c | 2440 488b | 7424 4848 | 8b6c 2450 | 488b 5c24 | 6048 8b54 
  0x000001db5f01d360: 2468 488b | 4c24 7048 | 8b44 2478 | 4881 c480 | 0000 004d | 33e4 488b | 5de8 4c8b | 6b08 4d8d 
  0x000001db5f01d380: 6d38 4983 | 7f08 000f | 84bb 0000 | 00e8 0500 | 0000 e996 | 0000 0048 | 8d44 2408 | 4c89 6dc0 
  0x000001db5f01d3a0: 498b cfc5 | f877 4989 | afb0 0300 | 0049 8987 | a003 0000 | 4883 ec20 | 40f6 c40f | 0f84 1900 
  0x000001db5f01d3c0: 0000 4883 | ec08 48b8 | 00e9 46da | fe7f 0000 | ffd0 4883 | c408 e90c | 0000 0048 | b800 e946 
  0x000001db5f01d3e0: dafe 7f00 | 00ff d048 | 83c4 2049 | c787 a003 | 0000 0000 | 0000 49c7 | 87b0 0300 | 0000 0000 
  0x000001db5f01d400: 0049 c787 | a803 0000 | 0000 0000 | c5f8 7749 | 837f 0800 | 0f84 0500 | 0000 e9e1 | 3aff ff4c 
  0x000001db5f01d420: 8b6d c04c | 8b75 c84e | 8d74 f500 | c348 b9d0 | 18a5 dafe | 7f00 0048 | 83e4 f048 | b8c0 946c 
  0x000001db5f01d440: dafe 7f00 | 00ff d0f4 | 448b 5b28 | 41f6 c320 | 0f84 4401 | 0000 488d | 55a8 4c8b | 5a08 4d85 
  0x000001db5f01d460: db0f 85bb | 0000 00e8 | 0500 0000 | e996 0000 | 0048 8d44 | 2408 4c89 | 6dc0 498b | cfc5 f877 
  0x000001db5f01d480: 4989 afb0 | 0300 0049 | 8987 a003 | 0000 4883 | ec20 40f6 | c40f 0f84 | 1900 0000 | 4883 ec08 
  0x000001db5f01d4a0: 48b8 30e8 | 46da fe7f | 0000 ffd0 | 4883 c408 | e90c 0000 | 0048 b830 | e846 dafe | 7f00 00ff 
  0x000001db5f01d4c0: d048 83c4 | 2049 c787 | a003 0000 | 0000 0000 | 49c7 87b0 | 0300 0000 | 0000 0049 | c787 a803 
  0x000001db5f01d4e0: 0000 0000 | 0000 c5f8 | 7749 837f | 0800 0f84 | 0500 0000 | e907 3aff | ff4c 8b6d | c04c 8b75 
  0x000001db5f01d500: c84e 8d74 | f500 c348 | b9d0 18a5 | dafe 7f00 | 0048 83e4 | f048 b8c0 | 946c dafe | 7f00 00ff 
  0x000001db5f01d520: d0f4 4c89 | 6dc0 488d | 024c 8b4a | 0848 c742 | 0800 0000 | 004c 8b00 | 4d85 c00f | 840b 0000 
  0x000001db5f01d540: 00f0 4d0f | b101 0f85 | 0c00 0000 | 49ff 8f58 | 0500 00e9 | 3e00 0000 | 4c89 4a08 | 488b ca48 
  0x000001db5f01d560: 83ec 2040 | f6c4 0f0f | 8419 0000 | 0048 83ec | 0848 b8c0 | ba46 dafe | 7f00 00ff | d048 83c4 
  0x000001db5f01d580: 08e9 0c00 | 0000 48b8 | c0ba 46da | fe7f 0000 | ffd0 4883 | c420 4c8b | 6dc0 49ba | 9c30 cdda 
  0x000001db5f01d5a0: fe7f 0000 | 4180 3a00 | 0f84 3e00 | 0000 488b | 55e8 498b | cf48 83ec | 2040 f6c4 | 0f0f 8419 
  0x000001db5f01d5c0: 0000 0048 | 83ec 0848 | b840 b57d | dafe 7f00 | 00ff d048 | 83c4 08e9 | 0c00 0000 | 48b8 40b5 
  0x000001db5f01d5e0: 7dda fe7f | 0000 ffd0 | 4883 c420 | 488b 0424 | 4883 c410 | c5fb 1004 | 2448 83c4 | 104c 8b5d 
  0x000001db5f01d600: 1841 ffd3 | 4c8b 5df8 | c95f 498b | e3ff e7ba | 0000 0000 | e805 0000 | 00e9 9600 | 0000 488d 
  0x000001db5f01d620: 4424 084c | 896d c049 | 8bcf c5f8 | 7749 89af | b003 0000 | 4989 87a0 | 0300 0048 | 83ec 2040 
  0x000001db5f01d640: f6c4 0f0f | 8419 0000 | 0048 83ec | 0848 b880 | ae46 dafe | 7f00 00ff | d048 83c4 | 08e9 0c00 
  0x000001db5f01d660: 0000 48b8 | 80ae 46da | fe7f 0000 | ffd0 4883 | c420 49c7 | 87a0 0300 | 0000 0000 | 0049 c787 
  0x000001db5f01d680: b003 0000 | 0000 0000 | 49c7 87a8 | 0300 0000 | 0000 00c5 | f877 4983 | 7f08 000f | 8405 0000 
  0x000001db5f01d6a0: 00e9 5a38 | ffff 4c8b | 6dc0 4c8b | 75c8 4e8d | 74f5 00c3 | 488b 5de8 | e95b f6ff | ff66 6690 
[/MachCode]

---------------  P R O C E S S  ---------------

Threads class SMR info:
_java_thread_list=0x000001db452c7ac0, length=11, elements={
0x000001db4f793820, 0x000001db6e852170, 0x000001db6e856cb0, 0x000001db6e85c130,
0x000001db6e85c7a0, 0x000001db6e85ce10, 0x000001db6e861490, 0x000001db6e86d340,
0x000001db45167780, 0x000001db452ea440, 0x000001db452ef6e0
}

Java Threads: ( => current thread )
=>0x000001db4f793820 JavaThread "main"                              [_thread_in_native, id=7044, stack(0x000000d815800000,0x000000d815900000) (1024K)]
  0x000001db6e852170 JavaThread "Reference Handler"          daemon [_thread_blocked, id=17468, stack(0x000000d816000000,0x000000d816100000) (1024K)]
  0x000001db6e856cb0 JavaThread "Finalizer"                  daemon [_thread_blocked, id=15752, stack(0x000000d816100000,0x000000d816200000) (1024K)]
  0x000001db6e85c130 JavaThread "Signal Dispatcher"          daemon [_thread_blocked, id=7608, stack(0x000000d816200000,0x000000d816300000) (1024K)]
  0x000001db6e85c7a0 JavaThread "Attach Listener"            daemon [_thread_blocked, id=2376, stack(0x000000d816300000,0x000000d816400000) (1024K)]
  0x000001db6e85ce10 JavaThread "Service Thread"             daemon [_thread_blocked, id=12868, stack(0x000000d816400000,0x000000d816500000) (1024K)]
  0x000001db6e861490 JavaThread "Monitor Deflation Thread"   daemon [_thread_blocked, id=17652, stack(0x000000d816500000,0x000000d816600000) (1024K)]
  0x000001db6e86d340 JavaThread "C2 CompilerThread0"         daemon [_thread_blocked, id=12904, stack(0x000000d816600000,0x000000d816700000) (1024K)]
  0x000001db45167780 JavaThread "C1 CompilerThread0"         daemon [_thread_blocked, id=3396, stack(0x000000d816700000,0x000000d816800000) (1024K)]
  0x000001db452ea440 JavaThread "Notification Thread"        daemon [_thread_blocked, id=6952, stack(0x000000d816800000,0x000000d816900000) (1024K)]
  0x000001db452ef6e0 JavaThread "Common-Cleaner"             daemon [_thread_blocked, id=4480, stack(0x000000d816900000,0x000000d816a00000) (1024K)]
Total: 11

Other Threads:
  0x000001db6e837bd0 VMThread "VM Thread"                           [id=9728, stack(0x000000d815f00000,0x000000d816000000) (1024K)]
  0x000001db6e821a40 WatcherThread "VM Periodic Task Thread"        [id=15268, stack(0x000000d815e00000,0x000000d815f00000) (1024K)]
  0x000001db4f7fc7a0 WorkerThread "GC Thread#0"                     [id=11528, stack(0x000000d815900000,0x000000d815a00000) (1024K)]
  0x000001db4f80d8c0 ConcurrentGCThread "G1 Main Marker"            [id=3876, stack(0x000000d815a00000,0x000000d815b00000) (1024K)]
  0x000001db4f80eb70 WorkerThread "G1 Conc#0"                       [id=16864, stack(0x000000d815b00000,0x000000d815c00000) (1024K)]
  0x000001db6e6f1310 ConcurrentGCThread "G1 Refine#0"               [id=20140, stack(0x000000d815c00000,0x000000d815d00000) (1024K)]
  0x000001db6e6f38c0 ConcurrentGCThread "G1 Service"                [id=13376, stack(0x000000d815d00000,0x000000d815e00000) (1024K)]
Total: 7

Threads with active compile tasks:
Total: 0

VM state: not at safepoint (normal execution)

VM Mutex/Monitor currently owned by a thread: None

Heap address: 0x0000000700800000, size: 4088 MB, Compressed Oops mode: Zero based, Oop shift amount: 3

CDS archive(s) mapped at: [0x000001db00000000-0x000001db00c50000-0x000001db00c50000), size 12910592, SharedBaseAddress: 0x000001db00000000, ArchiveRelocationMode: 1.
Compressed class space mapped at: 0x000001db01000000-0x000001db41000000, reserved size: 1073741824
Narrow klass base: 0x000001db00000000, Narrow klass shift: 0, Narrow klass range: 0x41000000

GC Precious Log:
 CardTable entry size: 512
 Card Set container configuration: InlinePtr #cards 4 size 8 Array Of Cards #cards 16 size 48 Howl #buckets 8 coarsen threshold 3686 Howl Bitmap #cards 512 size 80 coarsen threshold 460 Card regions per heap region 1 cards per card region 4096
 CPUs: 8 total, 8 available
 Memory: 16347M
 Large Page Support: Disabled
 NUMA Support: Disabled
 Compressed Oops: Enabled (Zero based)
 Heap Region Size: 2M
 Heap Min Capacity: 8M
 Heap Initial Capacity: 256M
 Heap Max Capacity: 4088M
 Pre-touch: Disabled
 Parallel Workers: 8
 Concurrent Workers: 2
 Concurrent Refinement Workers: 8
 Periodic GC: Disabled

Heap:
 garbage-first heap   total reserved 4186112K, committed 262144K, used 8192K [0x0000000700800000, 0x0000000800000000)
  region size 2048K, 5 young (10240K), 0 survivors (0K)
 Metaspace       used 3689K, committed 3776K, reserved 1114112K
  class space    used 207K, committed 256K, reserved 1048576K

Heap Regions: E=young(eden), S=young(survivor), O=old, HS=humongous(starts), HC=humongous(continues), CS=collection set, F=free, TAMS=top-at-mark-start, PB=parsable bottom
|   0|0x0000000700800000, 0x0000000700800000, 0x0000000700a00000|  0%| F|  |TAMS 0x0000000700800000| PB 0x0000000700800000| Untracked |  0
|   1|0x0000000700a00000, 0x0000000700a00000, 0x0000000700c00000|  0%| F|  |TAMS 0x0000000700a00000| PB 0x0000000700a00000| Untracked |  0
|   2|0x0000000700c00000, 0x0000000700c00000, 0x0000000700e00000|  0%| F|  |TAMS 0x0000000700c00000| PB 0x0000000700c00000| Untracked |  0
|   3|0x0000000700e00000, 0x0000000700e00000, 0x0000000701000000|  0%| F|  |TAMS 0x0000000700e00000| PB 0x0000000700e00000| Untracked |  0
|   4|0x0000000701000000, 0x0000000701000000, 0x0000000701200000|  0%| F|  |TAMS 0x0000000701000000| PB 0x0000000701000000| Untracked |  0
|   5|0x0000000701200000, 0x0000000701200000, 0x0000000701400000|  0%| F|  |TAMS 0x0000000701200000| PB 0x0000000701200000| Untracked |  0
|   6|0x0000000701400000, 0x0000000701400000, 0x0000000701600000|  0%| F|  |TAMS 0x0000000701400000| PB 0x0000000701400000| Untracked |  0
|   7|0x0000000701600000, 0x0000000701600000, 0x0000000701800000|  0%| F|  |TAMS 0x0000000701600000| PB 0x0000000701600000| Untracked |  0
|   8|0x0000000701800000, 0x0000000701800000, 0x0000000701a00000|  0%| F|  |TAMS 0x0000000701800000| PB 0x0000000701800000| Untracked |  0
|   9|0x0000000701a00000, 0x0000000701a00000, 0x0000000701c00000|  0%| F|  |TAMS 0x0000000701a00000| PB 0x0000000701a00000| Untracked |  0
|  10|0x0000000701c00000, 0x0000000701c00000, 0x0000000701e00000|  0%| F|  |TAMS 0x0000000701c00000| PB 0x0000000701c00000| Untracked |  0
|  11|0x0000000701e00000, 0x0000000701e00000, 0x0000000702000000|  0%| F|  |TAMS 0x0000000701e00000| PB 0x0000000701e00000| Untracked |  0
|  12|0x0000000702000000, 0x0000000702000000, 0x0000000702200000|  0%| F|  |TAMS 0x0000000702000000| PB 0x0000000702000000| Untracked |  0
|  13|0x0000000702200000, 0x0000000702200000, 0x0000000702400000|  0%| F|  |TAMS 0x0000000702200000| PB 0x0000000702200000| Untracked |  0
|  14|0x0000000702400000, 0x0000000702400000, 0x0000000702600000|  0%| F|  |TAMS 0x0000000702400000| PB 0x0000000702400000| Untracked |  0
|  15|0x0000000702600000, 0x0000000702600000, 0x0000000702800000|  0%| F|  |TAMS 0x0000000702600000| PB 0x0000000702600000| Untracked |  0
|  16|0x0000000702800000, 0x0000000702800000, 0x0000000702a00000|  0%| F|  |TAMS 0x0000000702800000| PB 0x0000000702800000| Untracked |  0
|  17|0x0000000702a00000, 0x0000000702a00000, 0x0000000702c00000|  0%| F|  |TAMS 0x0000000702a00000| PB 0x0000000702a00000| Untracked |  0
|  18|0x0000000702c00000, 0x0000000702c00000, 0x0000000702e00000|  0%| F|  |TAMS 0x0000000702c00000| PB 0x0000000702c00000| Untracked |  0
|  19|0x0000000702e00000, 0x0000000702e00000, 0x0000000703000000|  0%| F|  |TAMS 0x0000000702e00000| PB 0x0000000702e00000| Untracked |  0
|  20|0x0000000703000000, 0x0000000703000000, 0x0000000703200000|  0%| F|  |TAMS 0x0000000703000000| PB 0x0000000703000000| Untracked |  0
|  21|0x0000000703200000, 0x0000000703200000, 0x0000000703400000|  0%| F|  |TAMS 0x0000000703200000| PB 0x0000000703200000| Untracked |  0
|  22|0x0000000703400000, 0x0000000703400000, 0x0000000703600000|  0%| F|  |TAMS 0x0000000703400000| PB 0x0000000703400000| Untracked |  0
|  23|0x0000000703600000, 0x0000000703600000, 0x0000000703800000|  0%| F|  |TAMS 0x0000000703600000| PB 0x0000000703600000| Untracked |  0
|  24|0x0000000703800000, 0x0000000703800000, 0x0000000703a00000|  0%| F|  |TAMS 0x0000000703800000| PB 0x0000000703800000| Untracked |  0
|  25|0x0000000703a00000, 0x0000000703a00000, 0x0000000703c00000|  0%| F|  |TAMS 0x0000000703a00000| PB 0x0000000703a00000| Untracked |  0
|  26|0x0000000703c00000, 0x0000000703c00000, 0x0000000703e00000|  0%| F|  |TAMS 0x0000000703c00000| PB 0x0000000703c00000| Untracked |  0
|  27|0x0000000703e00000, 0x0000000703e00000, 0x0000000704000000|  0%| F|  |TAMS 0x0000000703e00000| PB 0x0000000703e00000| Untracked |  0
|  28|0x0000000704000000, 0x0000000704000000, 0x0000000704200000|  0%| F|  |TAMS 0x0000000704000000| PB 0x0000000704000000| Untracked |  0
|  29|0x0000000704200000, 0x0000000704200000, 0x0000000704400000|  0%| F|  |TAMS 0x0000000704200000| PB 0x0000000704200000| Untracked |  0
|  30|0x0000000704400000, 0x0000000704400000, 0x0000000704600000|  0%| F|  |TAMS 0x0000000704400000| PB 0x0000000704400000| Untracked |  0
|  31|0x0000000704600000, 0x0000000704600000, 0x0000000704800000|  0%| F|  |TAMS 0x0000000704600000| PB 0x0000000704600000| Untracked |  0
|  32|0x0000000704800000, 0x0000000704800000, 0x0000000704a00000|  0%| F|  |TAMS 0x0000000704800000| PB 0x0000000704800000| Untracked |  0
|  33|0x0000000704a00000, 0x0000000704a00000, 0x0000000704c00000|  0%| F|  |TAMS 0x0000000704a00000| PB 0x0000000704a00000| Untracked |  0
|  34|0x0000000704c00000, 0x0000000704c00000, 0x0000000704e00000|  0%| F|  |TAMS 0x0000000704c00000| PB 0x0000000704c00000| Untracked |  0
|  35|0x0000000704e00000, 0x0000000704e00000, 0x0000000705000000|  0%| F|  |TAMS 0x0000000704e00000| PB 0x0000000704e00000| Untracked |  0
|  36|0x0000000705000000, 0x0000000705000000, 0x0000000705200000|  0%| F|  |TAMS 0x0000000705000000| PB 0x0000000705000000| Untracked |  0
|  37|0x0000000705200000, 0x0000000705200000, 0x0000000705400000|  0%| F|  |TAMS 0x0000000705200000| PB 0x0000000705200000| Untracked |  0
|  38|0x0000000705400000, 0x0000000705400000, 0x0000000705600000|  0%| F|  |TAMS 0x0000000705400000| PB 0x0000000705400000| Untracked |  0
|  39|0x0000000705600000, 0x0000000705600000, 0x0000000705800000|  0%| F|  |TAMS 0x0000000705600000| PB 0x0000000705600000| Untracked |  0
|  40|0x0000000705800000, 0x0000000705800000, 0x0000000705a00000|  0%| F|  |TAMS 0x0000000705800000| PB 0x0000000705800000| Untracked |  0
|  41|0x0000000705a00000, 0x0000000705a00000, 0x0000000705c00000|  0%| F|  |TAMS 0x0000000705a00000| PB 0x0000000705a00000| Untracked |  0
|  42|0x0000000705c00000, 0x0000000705c00000, 0x0000000705e00000|  0%| F|  |TAMS 0x0000000705c00000| PB 0x0000000705c00000| Untracked |  0
|  43|0x0000000705e00000, 0x0000000705e00000, 0x0000000706000000|  0%| F|  |TAMS 0x0000000705e00000| PB 0x0000000705e00000| Untracked |  0
|  44|0x0000000706000000, 0x0000000706000000, 0x0000000706200000|  0%| F|  |TAMS 0x0000000706000000| PB 0x0000000706000000| Untracked |  0
|  45|0x0000000706200000, 0x0000000706200000, 0x0000000706400000|  0%| F|  |TAMS 0x0000000706200000| PB 0x0000000706200000| Untracked |  0
|  46|0x0000000706400000, 0x0000000706400000, 0x0000000706600000|  0%| F|  |TAMS 0x0000000706400000| PB 0x0000000706400000| Untracked |  0
|  47|0x0000000706600000, 0x0000000706600000, 0x0000000706800000|  0%| F|  |TAMS 0x0000000706600000| PB 0x0000000706600000| Untracked |  0
|  48|0x0000000706800000, 0x0000000706800000, 0x0000000706a00000|  0%| F|  |TAMS 0x0000000706800000| PB 0x0000000706800000| Untracked |  0
|  49|0x0000000706a00000, 0x0000000706a00000, 0x0000000706c00000|  0%| F|  |TAMS 0x0000000706a00000| PB 0x0000000706a00000| Untracked |  0
|  50|0x0000000706c00000, 0x0000000706c00000, 0x0000000706e00000|  0%| F|  |TAMS 0x0000000706c00000| PB 0x0000000706c00000| Untracked |  0
|  51|0x0000000706e00000, 0x0000000706e00000, 0x0000000707000000|  0%| F|  |TAMS 0x0000000706e00000| PB 0x0000000706e00000| Untracked |  0
|  52|0x0000000707000000, 0x0000000707000000, 0x0000000707200000|  0%| F|  |TAMS 0x0000000707000000| PB 0x0000000707000000| Untracked |  0
|  53|0x0000000707200000, 0x0000000707200000, 0x0000000707400000|  0%| F|  |TAMS 0x0000000707200000| PB 0x0000000707200000| Untracked |  0
|  54|0x0000000707400000, 0x0000000707400000, 0x0000000707600000|  0%| F|  |TAMS 0x0000000707400000| PB 0x0000000707400000| Untracked |  0
|  55|0x0000000707600000, 0x0000000707600000, 0x0000000707800000|  0%| F|  |TAMS 0x0000000707600000| PB 0x0000000707600000| Untracked |  0
|  56|0x0000000707800000, 0x0000000707800000, 0x0000000707a00000|  0%| F|  |TAMS 0x0000000707800000| PB 0x0000000707800000| Untracked |  0
|  57|0x0000000707a00000, 0x0000000707a00000, 0x0000000707c00000|  0%| F|  |TAMS 0x0000000707a00000| PB 0x0000000707a00000| Untracked |  0
|  58|0x0000000707c00000, 0x0000000707c00000, 0x0000000707e00000|  0%| F|  |TAMS 0x0000000707c00000| PB 0x0000000707c00000| Untracked |  0
|  59|0x0000000707e00000, 0x0000000707e00000, 0x0000000708000000|  0%| F|  |TAMS 0x0000000707e00000| PB 0x0000000707e00000| Untracked |  0
|  60|0x0000000708000000, 0x0000000708000000, 0x0000000708200000|  0%| F|  |TAMS 0x0000000708000000| PB 0x0000000708000000| Untracked |  0
|  61|0x0000000708200000, 0x0000000708200000, 0x0000000708400000|  0%| F|  |TAMS 0x0000000708200000| PB 0x0000000708200000| Untracked |  0
|  62|0x0000000708400000, 0x0000000708400000, 0x0000000708600000|  0%| F|  |TAMS 0x0000000708400000| PB 0x0000000708400000| Untracked |  0
|  63|0x0000000708600000, 0x0000000708600000, 0x0000000708800000|  0%| F|  |TAMS 0x0000000708600000| PB 0x0000000708600000| Untracked |  0
|  64|0x0000000708800000, 0x0000000708800000, 0x0000000708a00000|  0%| F|  |TAMS 0x0000000708800000| PB 0x0000000708800000| Untracked |  0
|  65|0x0000000708a00000, 0x0000000708a00000, 0x0000000708c00000|  0%| F|  |TAMS 0x0000000708a00000| PB 0x0000000708a00000| Untracked |  0
|  66|0x0000000708c00000, 0x0000000708c00000, 0x0000000708e00000|  0%| F|  |TAMS 0x0000000708c00000| PB 0x0000000708c00000| Untracked |  0
|  67|0x0000000708e00000, 0x0000000708e00000, 0x0000000709000000|  0%| F|  |TAMS 0x0000000708e00000| PB 0x0000000708e00000| Untracked |  0
|  68|0x0000000709000000, 0x0000000709000000, 0x0000000709200000|  0%| F|  |TAMS 0x0000000709000000| PB 0x0000000709000000| Untracked |  0
|  69|0x0000000709200000, 0x0000000709200000, 0x0000000709400000|  0%| F|  |TAMS 0x0000000709200000| PB 0x0000000709200000| Untracked |  0
|  70|0x0000000709400000, 0x0000000709400000, 0x0000000709600000|  0%| F|  |TAMS 0x0000000709400000| PB 0x0000000709400000| Untracked |  0
|  71|0x0000000709600000, 0x0000000709600000, 0x0000000709800000|  0%| F|  |TAMS 0x0000000709600000| PB 0x0000000709600000| Untracked |  0
|  72|0x0000000709800000, 0x0000000709800000, 0x0000000709a00000|  0%| F|  |TAMS 0x0000000709800000| PB 0x0000000709800000| Untracked |  0
|  73|0x0000000709a00000, 0x0000000709a00000, 0x0000000709c00000|  0%| F|  |TAMS 0x0000000709a00000| PB 0x0000000709a00000| Untracked |  0
|  74|0x0000000709c00000, 0x0000000709c00000, 0x0000000709e00000|  0%| F|  |TAMS 0x0000000709c00000| PB 0x0000000709c00000| Untracked |  0
|  75|0x0000000709e00000, 0x0000000709e00000, 0x000000070a000000|  0%| F|  |TAMS 0x0000000709e00000| PB 0x0000000709e00000| Untracked |  0
|  76|0x000000070a000000, 0x000000070a000000, 0x000000070a200000|  0%| F|  |TAMS 0x000000070a000000| PB 0x000000070a000000| Untracked |  0
|  77|0x000000070a200000, 0x000000070a200000, 0x000000070a400000|  0%| F|  |TAMS 0x000000070a200000| PB 0x000000070a200000| Untracked |  0
|  78|0x000000070a400000, 0x000000070a400000, 0x000000070a600000|  0%| F|  |TAMS 0x000000070a400000| PB 0x000000070a400000| Untracked |  0
|  79|0x000000070a600000, 0x000000070a600000, 0x000000070a800000|  0%| F|  |TAMS 0x000000070a600000| PB 0x000000070a600000| Untracked |  0
|  80|0x000000070a800000, 0x000000070a800000, 0x000000070aa00000|  0%| F|  |TAMS 0x000000070a800000| PB 0x000000070a800000| Untracked |  0
|  81|0x000000070aa00000, 0x000000070aa00000, 0x000000070ac00000|  0%| F|  |TAMS 0x000000070aa00000| PB 0x000000070aa00000| Untracked |  0
|  82|0x000000070ac00000, 0x000000070ac00000, 0x000000070ae00000|  0%| F|  |TAMS 0x000000070ac00000| PB 0x000000070ac00000| Untracked |  0
|  83|0x000000070ae00000, 0x000000070ae00000, 0x000000070b000000|  0%| F|  |TAMS 0x000000070ae00000| PB 0x000000070ae00000| Untracked |  0
|  84|0x000000070b000000, 0x000000070b000000, 0x000000070b200000|  0%| F|  |TAMS 0x000000070b000000| PB 0x000000070b000000| Untracked |  0
|  85|0x000000070b200000, 0x000000070b200000, 0x000000070b400000|  0%| F|  |TAMS 0x000000070b200000| PB 0x000000070b200000| Untracked |  0
|  86|0x000000070b400000, 0x000000070b400000, 0x000000070b600000|  0%| F|  |TAMS 0x000000070b400000| PB 0x000000070b400000| Untracked |  0
|  87|0x000000070b600000, 0x000000070b600000, 0x000000070b800000|  0%| F|  |TAMS 0x000000070b600000| PB 0x000000070b600000| Untracked |  0
|  88|0x000000070b800000, 0x000000070b800000, 0x000000070ba00000|  0%| F|  |TAMS 0x000000070b800000| PB 0x000000070b800000| Untracked |  0
|  89|0x000000070ba00000, 0x000000070ba00000, 0x000000070bc00000|  0%| F|  |TAMS 0x000000070ba00000| PB 0x000000070ba00000| Untracked |  0
|  90|0x000000070bc00000, 0x000000070bc00000, 0x000000070be00000|  0%| F|  |TAMS 0x000000070bc00000| PB 0x000000070bc00000| Untracked |  0
|  91|0x000000070be00000, 0x000000070be00000, 0x000000070c000000|  0%| F|  |TAMS 0x000000070be00000| PB 0x000000070be00000| Untracked |  0
|  92|0x000000070c000000, 0x000000070c000000, 0x000000070c200000|  0%| F|  |TAMS 0x000000070c000000| PB 0x000000070c000000| Untracked |  0
|  93|0x000000070c200000, 0x000000070c200000, 0x000000070c400000|  0%| F|  |TAMS 0x000000070c200000| PB 0x000000070c200000| Untracked |  0
|  94|0x000000070c400000, 0x000000070c400000, 0x000000070c600000|  0%| F|  |TAMS 0x000000070c400000| PB 0x000000070c400000| Untracked |  0
|  95|0x000000070c600000, 0x000000070c600000, 0x000000070c800000|  0%| F|  |TAMS 0x000000070c600000| PB 0x000000070c600000| Untracked |  0
|  96|0x000000070c800000, 0x000000070c800000, 0x000000070ca00000|  0%| F|  |TAMS 0x000000070c800000| PB 0x000000070c800000| Untracked |  0
|  97|0x000000070ca00000, 0x000000070ca00000, 0x000000070cc00000|  0%| F|  |TAMS 0x000000070ca00000| PB 0x000000070ca00000| Untracked |  0
|  98|0x000000070cc00000, 0x000000070cc00000, 0x000000070ce00000|  0%| F|  |TAMS 0x000000070cc00000| PB 0x000000070cc00000| Untracked |  0
|  99|0x000000070ce00000, 0x000000070ce00000, 0x000000070d000000|  0%| F|  |TAMS 0x000000070ce00000| PB 0x000000070ce00000| Untracked |  0
| 100|0x000000070d000000, 0x000000070d000000, 0x000000070d200000|  0%| F|  |TAMS 0x000000070d000000| PB 0x000000070d000000| Untracked |  0
| 101|0x000000070d200000, 0x000000070d200000, 0x000000070d400000|  0%| F|  |TAMS 0x000000070d200000| PB 0x000000070d200000| Untracked |  0
| 102|0x000000070d400000, 0x000000070d400000, 0x000000070d600000|  0%| F|  |TAMS 0x000000070d400000| PB 0x000000070d400000| Untracked |  0
| 103|0x000000070d600000, 0x000000070d600000, 0x000000070d800000|  0%| F|  |TAMS 0x000000070d600000| PB 0x000000070d600000| Untracked |  0
| 104|0x000000070d800000, 0x000000070d800000, 0x000000070da00000|  0%| F|  |TAMS 0x000000070d800000| PB 0x000000070d800000| Untracked |  0
| 105|0x000000070da00000, 0x000000070da00000, 0x000000070dc00000|  0%| F|  |TAMS 0x000000070da00000| PB 0x000000070da00000| Untracked |  0
| 106|0x000000070dc00000, 0x000000070dc00000, 0x000000070de00000|  0%| F|  |TAMS 0x000000070dc00000| PB 0x000000070dc00000| Untracked |  0
| 107|0x000000070de00000, 0x000000070de00000, 0x000000070e000000|  0%| F|  |TAMS 0x000000070de00000| PB 0x000000070de00000| Untracked |  0
| 108|0x000000070e000000, 0x000000070e000000, 0x000000070e200000|  0%| F|  |TAMS 0x000000070e000000| PB 0x000000070e000000| Untracked |  0
| 109|0x000000070e200000, 0x000000070e200000, 0x000000070e400000|  0%| F|  |TAMS 0x000000070e200000| PB 0x000000070e200000| Untracked |  0
| 110|0x000000070e400000, 0x000000070e400000, 0x000000070e600000|  0%| F|  |TAMS 0x000000070e400000| PB 0x000000070e400000| Untracked |  0
| 111|0x000000070e600000, 0x000000070e600000, 0x000000070e800000|  0%| F|  |TAMS 0x000000070e600000| PB 0x000000070e600000| Untracked |  0
| 112|0x000000070e800000, 0x000000070e800000, 0x000000070ea00000|  0%| F|  |TAMS 0x000000070e800000| PB 0x000000070e800000| Untracked |  0
| 113|0x000000070ea00000, 0x000000070ea00000, 0x000000070ec00000|  0%| F|  |TAMS 0x000000070ea00000| PB 0x000000070ea00000| Untracked |  0
| 114|0x000000070ec00000, 0x000000070ec00000, 0x000000070ee00000|  0%| F|  |TAMS 0x000000070ec00000| PB 0x000000070ec00000| Untracked |  0
| 115|0x000000070ee00000, 0x000000070ee00000, 0x000000070f000000|  0%| F|  |TAMS 0x000000070ee00000| PB 0x000000070ee00000| Untracked |  0
| 116|0x000000070f000000, 0x000000070f000000, 0x000000070f200000|  0%| F|  |TAMS 0x000000070f000000| PB 0x000000070f000000| Untracked |  0
| 117|0x000000070f200000, 0x000000070f200000, 0x000000070f400000|  0%| F|  |TAMS 0x000000070f200000| PB 0x000000070f200000| Untracked |  0
| 118|0x000000070f400000, 0x000000070f400000, 0x000000070f600000|  0%| F|  |TAMS 0x000000070f400000| PB 0x000000070f400000| Untracked |  0
| 119|0x000000070f600000, 0x000000070f600000, 0x000000070f800000|  0%| F|  |TAMS 0x000000070f600000| PB 0x000000070f600000| Untracked |  0
| 120|0x000000070f800000, 0x000000070f800000, 0x000000070fa00000|  0%| F|  |TAMS 0x000000070f800000| PB 0x000000070f800000| Untracked |  0
| 121|0x000000070fa00000, 0x000000070fa00000, 0x000000070fc00000|  0%| F|  |TAMS 0x000000070fa00000| PB 0x000000070fa00000| Untracked |  0
| 122|0x000000070fc00000, 0x000000070fc00000, 0x000000070fe00000|  0%| F|  |TAMS 0x000000070fc00000| PB 0x000000070fc00000| Untracked |  0
| 123|0x000000070fe00000, 0x000000070ff03ba8, 0x0000000710000000| 50%| E|  |TAMS 0x000000070fe00000| PB 0x000000070fe00000| Complete |  0
| 124|0x0000000710000000, 0x0000000710200000, 0x0000000710200000|100%| E|CS|TAMS 0x0000000710000000| PB 0x0000000710000000| Complete |  0
| 125|0x0000000710200000, 0x0000000710400000, 0x0000000710400000|100%| E|CS|TAMS 0x0000000710200000| PB 0x0000000710200000| Complete |  0
| 126|0x0000000710400000, 0x0000000710600000, 0x0000000710600000|100%| E|CS|TAMS 0x0000000710400000| PB 0x0000000710400000| Complete |  0
| 127|0x0000000710600000, 0x0000000710800000, 0x0000000710800000|100%| E|CS|TAMS 0x0000000710600000| PB 0x0000000710600000| Complete |  0

Card table byte_map: [0x000001db67610000,0x000001db67e10000] _byte_map_base: 0x000001db63e0c000

Marking Bits: (CMBitMap*) 0x000001db4f7fceb0
 Bits: [0x000001db67e10000, 0x000001db6bdf0000)

Polling page: 0x000001db4d7a0000

Metaspace:

Usage:
  Non-class:      3.40 MB used.
      Class:    207.48 KB used.
       Both:      3.60 MB used.

Virtual space:
  Non-class space:       64.00 MB reserved,       3.44 MB (  5%) committed,  1 nodes.
      Class space:        1.00 GB reserved,     256.00 KB ( <1%) committed,  1 nodes.
             Both:        1.06 GB reserved,       3.69 MB ( <1%) committed. 

Chunk freelists:
   Non-Class:  10.00 MB
       Class:  15.64 MB
        Both:  25.64 MB

MaxMetaspaceSize: unlimited
CompressedClassSpaceSize: 1.00 GB
Initial GC threshold: 21.00 MB
Current GC threshold: 21.00 MB
CDS: on
 - commit_granule_bytes: 65536.
 - commit_granule_words: 8192.
 - virtual_space_node_default_size: 8388608.
 - enlarge_chunks_in_place: 1.
 - use_allocation_guard: 0.


Internal statistics:

num_allocs_failed_limit: 0.
num_arena_births: 66.
num_arena_deaths: 0.
num_vsnodes_births: 2.
num_vsnodes_deaths: 0.
num_space_committed: 58.
num_space_uncommitted: 0.
num_chunks_returned_to_freelist: 0.
num_chunks_taken_from_freelist: 165.
num_chunk_merges: 0.
num_chunk_splits: 106.
num_chunks_enlarged: 74.
num_inconsistent_stats: 0.

CodeHeap 'non-profiled nmethods': size=120000Kb used=210Kb max_used=210Kb free=119789Kb
 bounds [0x000001db5f5b0000, 0x000001db5f820000, 0x000001db66ae0000]
CodeHeap 'profiled nmethods': size=120000Kb used=1027Kb max_used=1027Kb free=118972Kb
 bounds [0x000001db57ae0000, 0x000001db57d50000, 0x000001db5f010000]
CodeHeap 'non-nmethods': size=5760Kb used=2092Kb max_used=2110Kb free=3667Kb
 bounds [0x000001db5f010000, 0x000001db5f280000, 0x000001db5f5b0000]
 total_blobs=1759 nmethods=698 adapters=966
 compilation: enabled
              stopped_count=0, restarted_count=0
 full_count=0

Compilation events (20 events):
Event: 0.909 Thread 0x000001db45167780 nmethod 689 0x000001db57bdbe90 code [0x000001db57bdc160, 0x000001db57bdd090]
Event: 0.909 Thread 0x000001db45167780  690       3       java.lang.ClassLoader::getClassLoadingLock (35 bytes)
Event: 0.910 Thread 0x000001db45167780 nmethod 690 0x000001db57bdd690 code [0x000001db57bdd840, 0x000001db57bddb28]
Event: 0.910 Thread 0x000001db45167780  691       3       java.lang.String::endsWith (15 bytes)
Event: 0.910 Thread 0x000001db45167780 nmethod 691 0x000001db57bddc90 code [0x000001db57bdde60, 0x000001db57bde1a0]
Event: 0.911 Thread 0x000001db45167780  692       3       java.util.jar.JarFile::maybeInstantiateVerifier (42 bytes)
Event: 0.911 Thread 0x000001db45167780 nmethod 692 0x000001db57bde390 code [0x000001db57bde560, 0x000001db57bde8e0]
Event: 0.911 Thread 0x000001db45167780  693       3       java.lang.ref.PhantomReference::<init> (7 bytes)
Event: 0.911 Thread 0x000001db45167780 nmethod 693 0x000001db57bdea10 code [0x000001db57bdebc0, 0x000001db57bdeea0]
Event: 0.911 Thread 0x000001db45167780  694       3       java.util.ArrayDeque::inc (12 bytes)
Event: 0.911 Thread 0x000001db45167780 nmethod 694 0x000001db57bdef90 code [0x000001db57bdf120, 0x000001db57bdf248]
Event: 0.916 Thread 0x000001db45167780  695       3       jdk.internal.org.objectweb.asm.ByteVector::put122 (93 bytes)
Event: 0.916 Thread 0x000001db45167780 nmethod 695 0x000001db57bdf310 code [0x000001db57bdf4c0, 0x000001db57bdf748]
Event: 0.919 Thread 0x000001db45167780  696       3       java.util.WeakHashMap::getTable (9 bytes)
Event: 0.919 Thread 0x000001db45167780 nmethod 696 0x000001db57bdf910 code [0x000001db57bdfac0, 0x000001db57bdfc10]
Event: 0.919 Thread 0x000001db45167780  697   !   3       java.util.WeakHashMap::expungeStaleEntries (139 bytes)
Event: 0.919 Thread 0x000001db45167780 nmethod 697 0x000001db57bdfc90 code [0x000001db57bdfe80, 0x000001db57be06d0]
Event: 0.919 Thread 0x000001db45167780  698       3       java.util.WeakHashMap::indexFor (6 bytes)
Event: 0.919 Thread 0x000001db45167780 nmethod 698 0x000001db57be0b10 code [0x000001db57be0ca0, 0x000001db57be0d98]
Event: 0.921 Thread 0x000001db6e86d340 nmethod 671 0x000001db5f5e3810 code [0x000001db5f5e39e0, 0x000001db5f5e4698]

GC Heap History (0 events):
No events

Dll operation events (9 events):
Event: 0.008 Loaded shared library C:\Users\paull\.jdks\openjdk-22.0.1\bin\java.dll
Event: 0.040 Loaded shared library C:\Users\paull\.jdks\openjdk-22.0.1\bin\jsvml.dll
Event: 0.068 Loaded shared library C:\Users\paull\.jdks\openjdk-22.0.1\bin\net.dll
Event: 0.069 Loaded shared library C:\Users\paull\.jdks\openjdk-22.0.1\bin\nio.dll
Event: 0.073 Loaded shared library C:\Users\paull\.jdks\openjdk-22.0.1\bin\zip.dll
Event: 0.115 Loaded shared library C:\Users\paull\.jdks\openjdk-22.0.1\bin\jimage.dll
Event: 0.135 Loaded shared library C:\Users\paull\AppData\Local\Temp\lwjgl_paull\3.3.3+5\x64\lwjgl.dll
Event: 0.503 Loaded shared library C:\Users\paull\AppData\Local\Temp\lwjgl_paull\3.3.3+5\x64\lwjgl_opengl.dll
Event: 0.885 Loaded shared library C:\Users\paull\AppData\Local\Temp\lwjgl_paull\3.3.3+5\x64\lwjgl_stb.dll

Deoptimization events (20 events):
Event: 0.900 Thread 0x000001db4f793820 DEOPT PACKING pc=0x000001db57b628a5 sp=0x000000d8158fd410
Event: 0.900 Thread 0x000001db4f793820 DEOPT UNPACKING pc=0x000001db5f064e42 sp=0x000000d8158fc8a8 mode 0
Event: 0.900 Thread 0x000001db4f793820 DEOPT PACKING pc=0x000001db57b62af5 sp=0x000000d8158fd410
Event: 0.900 Thread 0x000001db4f793820 DEOPT UNPACKING pc=0x000001db5f064e42 sp=0x000000d8158fc8a8 mode 0
Event: 0.900 Thread 0x000001db4f793820 DEOPT PACKING pc=0x000001db57b62a7a sp=0x000000d8158fd410
Event: 0.900 Thread 0x000001db4f793820 DEOPT UNPACKING pc=0x000001db5f064e42 sp=0x000000d8158fc8a8 mode 0
Event: 0.901 Thread 0x000001db4f793820 DEOPT PACKING pc=0x000001db57b62a7a sp=0x000000d8158fd410
Event: 0.901 Thread 0x000001db4f793820 DEOPT UNPACKING pc=0x000001db5f064e42 sp=0x000000d8158fc8a8 mode 0
Event: 0.901 Thread 0x000001db4f793820 DEOPT PACKING pc=0x000001db57b629ff sp=0x000000d8158fd410
Event: 0.901 Thread 0x000001db4f793820 DEOPT UNPACKING pc=0x000001db5f064e42 sp=0x000000d8158fc8a8 mode 0
Event: 0.901 Thread 0x000001db4f793820 DEOPT PACKING pc=0x000001db57b628a5 sp=0x000000d8158fd410
Event: 0.901 Thread 0x000001db4f793820 DEOPT UNPACKING pc=0x000001db5f064e42 sp=0x000000d8158fc8a8 mode 0
Event: 0.901 Thread 0x000001db4f793820 DEOPT PACKING pc=0x000001db57b628a5 sp=0x000000d8158fd410
Event: 0.901 Thread 0x000001db4f793820 DEOPT UNPACKING pc=0x000001db5f064e42 sp=0x000000d8158fc8a8 mode 0
Event: 0.901 Thread 0x000001db4f793820 DEOPT PACKING pc=0x000001db57b628a5 sp=0x000000d8158fd410
Event: 0.901 Thread 0x000001db4f793820 DEOPT UNPACKING pc=0x000001db5f064e42 sp=0x000000d8158fc8a8 mode 0
Event: 0.901 Thread 0x000001db4f793820 DEOPT PACKING pc=0x000001db57b628a5 sp=0x000000d8158fd410
Event: 0.901 Thread 0x000001db4f793820 DEOPT UNPACKING pc=0x000001db5f064e42 sp=0x000000d8158fc8a8 mode 0
Event: 0.901 Thread 0x000001db4f793820 DEOPT PACKING pc=0x000001db57b62af5 sp=0x000000d8158fd410
Event: 0.901 Thread 0x000001db4f793820 DEOPT UNPACKING pc=0x000001db5f064e42 sp=0x000000d8158fc8a8 mode 0

Classes loaded (20 events):
Event: 0.211 Loading class java/lang/foreign/MemorySegment
Event: 0.211 Loading class java/lang/foreign/MemorySegment done
Event: 0.214 Loading class java/nio/InvalidMarkException
Event: 0.214 Loading class java/nio/InvalidMarkException done
Event: 0.214 Loading class java/nio/BufferUnderflowException
Event: 0.214 Loading class java/nio/BufferUnderflowException done
Event: 0.222 Loading class java/util/Formatter$FixedString
Event: 0.222 Loading class java/util/Formatter$FixedString done
Event: 0.234 Loading class java/lang/NoSuchFieldError
Event: 0.234 Loading class java/lang/NoSuchFieldError done
Event: 0.244 Loading class jdk/internal/reflect/MethodHandleIntegerFieldAccessorImpl
Event: 0.245 Loading class jdk/internal/reflect/MethodHandleIntegerFieldAccessorImpl done
Event: 0.786 Loading class jdk/internal/foreign/MemorySessionImpl
Event: 0.786 Loading class java/lang/foreign/MemorySegment$Scope
Event: 0.786 Loading class java/lang/foreign/MemorySegment$Scope done
Event: 0.786 Loading class jdk/internal/foreign/MemorySessionImpl done
Event: 0.787 Loading class java/nio/file/FileAlreadyExistsException
Event: 0.787 Loading class java/nio/file/FileAlreadyExistsException done
Event: 0.789 Loading class java/nio/file/StandardCopyOption
Event: 0.789 Loading class java/nio/file/StandardCopyOption done

Classes unloaded (0 events):
No events

Classes redefined (0 events):
No events

Internal exceptions (20 events):
Event: 0.212 Thread 0x000001db4f793820 Exception <a 'java/lang/NoSuchMethodError'{0x00000007103183c0}: 'int java.lang.invoke.DirectMethodHandle$Holder.invokeStaticInit(java.lang.Object, java.lang.Object, long, long)'> (0x00000007103183c0) 
thrown [s\open\src\hotspot\share\interpreter\linkResolver.cpp, line 774]
Event: 0.213 Thread 0x000001db4f793820 Exception <a 'java/lang/NoSuchMethodError'{0x000000071031df38}: 'java.lang.Object java.lang.invoke.DirectMethodHandle$Holder.newInvokeSpecial(java.lang.Object, java.lang.Object, long)'> (0x000000071031df38) 
thrown [s\open\src\hotspot\share\interpreter\linkResolver.cpp, line 774]
Event: 0.213 Thread 0x000001db4f793820 Exception <a 'java/lang/NoSuchMethodError'{0x0000000710321de0}: 'java.lang.Object java.lang.invoke.Invokers$Holder.linkToTargetMethod(java.lang.Object, long, java.lang.Object)'> (0x0000000710321de0) 
thrown [s\open\src\hotspot\share\interpreter\linkResolver.cpp, line 774]
Event: 0.214 Thread 0x000001db4f793820 Exception <a 'java/lang/NoSuchMethodError'{0x0000000710329008}: 'int java.lang.invoke.DirectMethodHandle$Holder.invokeStaticInit(java.lang.Object, java.lang.Object, java.lang.Object, long)'> (0x0000000710329008) 
thrown [s\open\src\hotspot\share\interpreter\linkResolver.cpp, line 774]
Event: 0.233 Thread 0x000001db4f793820 Exception <a 'sun/nio/fs/WindowsException'{0x00000007103cf9e8}> (0x00000007103cf9e8) 
thrown [s\open\src\hotspot\share\prims\jni.cpp, line 520]
Event: 0.233 Thread 0x000001db4f793820 Exception <a 'sun/nio/fs/WindowsException'{0x00000007103cfd48}> (0x00000007103cfd48) 
thrown [s\open\src\hotspot\share\prims\jni.cpp, line 520]
Event: 0.245 Thread 0x000001db4f793820 Exception <a 'java/lang/NoSuchMethodError'{0x00000007103e94a8}: 'int java.lang.invoke.Invokers$Holder.invokeExact_MT(java.lang.Object, java.lang.Object)'> (0x00000007103e94a8) 
thrown [s\open\src\hotspot\share\interpreter\linkResolver.cpp, line 774]
Event: 0.495 Thread 0x000001db4f793820 Exception <a 'java/lang/NoSuchMethodError'{0x0000000710052990}: 'void java.lang.System.load(java.lang.String, java.lang.Class)'> (0x0000000710052990) 
thrown [s\open\src\hotspot\share\interpreter\linkResolver.cpp, line 774]
Event: 0.496 Thread 0x000001db4f793820 Exception <a 'java/lang/NoSuchMethodError'{0x00000007100553e0}: 'void java.lang.System.loadLibrary(java.lang.String, java.lang.Class)'> (0x00000007100553e0) 
thrown [s\open\src\hotspot\share\interpreter\linkResolver.cpp, line 774]
Event: 0.501 Thread 0x000001db4f793820 Exception <a 'sun/nio/fs/WindowsException'{0x0000000710064268}> (0x0000000710064268) 
thrown [s\open\src\hotspot\share\prims\jni.cpp, line 520]
Event: 0.502 Thread 0x000001db4f793820 Exception <a 'sun/nio/fs/WindowsException'{0x0000000710064608}> (0x0000000710064608) 
thrown [s\open\src\hotspot\share\prims\jni.cpp, line 520]
Event: 0.516 Thread 0x000001db4f793820 Exception <a 'sun/nio/fs/WindowsException'{0x000000071006d398}> (0x000000071006d398) 
thrown [s\open\src\hotspot\share\prims\jni.cpp, line 520]
Event: 0.516 Thread 0x000001db4f793820 Exception <a 'sun/nio/fs/WindowsException'{0x000000071006d668}> (0x000000071006d668) 
thrown [s\open\src\hotspot\share\prims\jni.cpp, line 520]
Event: 0.785 Thread 0x000001db4f793820 Exception <a 'java/lang/NoSuchMethodError'{0x00000007101efb28}: 'void java.lang.System.load(java.lang.String, java.lang.Class)'> (0x00000007101efb28) 
thrown [s\open\src\hotspot\share\interpreter\linkResolver.cpp, line 774]
Event: 0.785 Thread 0x000001db4f793820 Exception <a 'java/lang/NoSuchMethodError'{0x00000007101f2578}: 'void java.lang.System.loadLibrary(java.lang.String, java.lang.Class)'> (0x00000007101f2578) 
thrown [s\open\src\hotspot\share\interpreter\linkResolver.cpp, line 774]
Event: 0.786 Thread 0x000001db4f793820 Exception <a 'sun/nio/fs/WindowsException'{0x00000007101f6498}> (0x00000007101f6498) 
thrown [s\open\src\hotspot\share\prims\jni.cpp, line 520]
Event: 0.787 Thread 0x000001db4f793820 Exception <a 'sun/nio/fs/WindowsException'{0x00000007101f6c80}> (0x00000007101f6c80) 
thrown [s\open\src\hotspot\share\prims\jni.cpp, line 520]
Event: 0.789 Thread 0x000001db4f793820 Exception <a 'sun/nio/fs/WindowsException'{0x00000007101fdc48}> (0x00000007101fdc48) 
thrown [s\open\src\hotspot\share\prims\jni.cpp, line 520]
Event: 0.882 Thread 0x000001db4f793820 Exception <a 'sun/nio/fs/WindowsException'{0x000000070fe04bf8}> (0x000000070fe04bf8) 
thrown [s\open\src\hotspot\share\prims\jni.cpp, line 520]
Event: 0.882 Thread 0x000001db4f793820 Exception <a 'sun/nio/fs/WindowsException'{0x000000070fe04f78}> (0x000000070fe04f78) 
thrown [s\open\src\hotspot\share\prims\jni.cpp, line 520]

ZGC Phase Switch (0 events):
No events

VM Operations (2 events):
Event: 0.073 Executing VM operation: HandshakeAllThreads (Deoptimize)
Event: 0.073 Executing VM operation: HandshakeAllThreads (Deoptimize) done

Events (11 events):
Event: 0.024 Thread 0x000001db4f793820 Thread added: 0x000001db4f793820
Event: 0.037 Thread 0x000001db6e852170 Thread added: 0x000001db6e852170
Event: 0.037 Thread 0x000001db6e856cb0 Thread added: 0x000001db6e856cb0
Event: 0.037 Thread 0x000001db6e85c130 Thread added: 0x000001db6e85c130
Event: 0.038 Thread 0x000001db6e85c7a0 Thread added: 0x000001db6e85c7a0
Event: 0.038 Thread 0x000001db6e85ce10 Thread added: 0x000001db6e85ce10
Event: 0.038 Thread 0x000001db6e861490 Thread added: 0x000001db6e861490
Event: 0.038 Thread 0x000001db6e86d340 Thread added: 0x000001db6e86d340
Event: 0.038 Thread 0x000001db45167780 Thread added: 0x000001db45167780
Event: 0.061 Thread 0x000001db452ea440 Thread added: 0x000001db452ea440
Event: 0.063 Thread 0x000001db452ef6e0 Thread added: 0x000001db452ef6e0


Dynamic libraries:
0x00007ff66d1e0000 - 0x00007ff66d1ee000 	C:\Users\paull\.jdks\openjdk-22.0.1\bin\java.exe
0x00007fff4e5f0000 - 0x00007fff4e7e8000 	C:\Windows\SYSTEM32\ntdll.dll
0x00007fff4d5b0000 - 0x00007fff4d672000 	C:\Windows\System32\KERNEL32.DLL
0x00007fff4bda0000 - 0x00007fff4c096000 	C:\Windows\System32\KERNELBASE.dll
0x00007fff4c450000 - 0x00007fff4c550000 	C:\Windows\System32\ucrtbase.dll
0x00007fff2ea20000 - 0x00007fff2ea3b000 	C:\Users\paull\.jdks\openjdk-22.0.1\bin\VCRUNTIME140.dll
0x00007fff42fd0000 - 0x00007fff42fe7000 	C:\Users\paull\.jdks\openjdk-22.0.1\bin\jli.dll
0x00007fff4cea0000 - 0x00007fff4d03d000 	C:\Windows\System32\USER32.dll
0x00007fff39b50000 - 0x00007fff39dea000 	C:\Windows\WinSxS\amd64_microsoft.windows.common-controls_6595b64144ccf1df_6.0.19041.4355_none_60b8b9eb71f62e16\COMCTL32.dll
0x00007fff4c5e0000 - 0x00007fff4c602000 	C:\Windows\System32\win32u.dll
0x00007fff4d320000 - 0x00007fff4d3be000 	C:\Windows\System32\msvcrt.dll
0x00007fff4cc90000 - 0x00007fff4ccbb000 	C:\Windows\System32\GDI32.dll
0x00007fff4c0a0000 - 0x00007fff4c1ba000 	C:\Windows\System32\gdi32full.dll
0x00007fff4bc80000 - 0x00007fff4bd1d000 	C:\Windows\System32\msvcp_win.dll
0x00007fff4d680000 - 0x00007fff4d6af000 	C:\Windows\System32\IMM32.DLL
0x00007fff33950000 - 0x00007fff3395c000 	C:\Users\paull\.jdks\openjdk-22.0.1\bin\vcruntime140_1.dll
0x00007fff08960000 - 0x00007fff089ee000 	C:\Users\paull\.jdks\openjdk-22.0.1\bin\msvcp140.dll
0x00007ffeda090000 - 0x00007ffedadd7000 	C:\Users\paull\.jdks\openjdk-22.0.1\bin\server\jvm.dll
0x00007fff4cdf0000 - 0x00007fff4ce9f000 	C:\Windows\System32\ADVAPI32.dll
0x00007fff4c6e0000 - 0x00007fff4c77f000 	C:\Windows\System32\sechost.dll
0x00007fff4d110000 - 0x00007fff4d233000 	C:\Windows\System32\RPCRT4.dll
0x00007fff4c370000 - 0x00007fff4c397000 	C:\Windows\System32\bcrypt.dll
0x00007fff4d0a0000 - 0x00007fff4d10b000 	C:\Windows\System32\WS2_32.dll
0x00007fff4bae0000 - 0x00007fff4bb2b000 	C:\Windows\SYSTEM32\POWRPROF.dll
0x00007fff40ce0000 - 0x00007fff40d07000 	C:\Windows\SYSTEM32\WINMM.dll
0x00007fff45830000 - 0x00007fff4583a000 	C:\Windows\SYSTEM32\VERSION.dll
0x00007fff4bac0000 - 0x00007fff4bad2000 	C:\Windows\SYSTEM32\UMPDC.dll
0x00007fff4a4b0000 - 0x00007fff4a4c2000 	C:\Windows\SYSTEM32\kernel.appcore.dll
0x00007fff31980000 - 0x00007fff3198a000 	C:\Users\paull\.jdks\openjdk-22.0.1\bin\jimage.dll
0x00007fff49260000 - 0x00007fff49444000 	C:\Windows\SYSTEM32\DBGHELP.DLL
0x00007fff28ea0000 - 0x00007fff28ed4000 	C:\Windows\SYSTEM32\dbgcore.DLL
0x00007fff4c550000 - 0x00007fff4c5d2000 	C:\Windows\System32\bcryptPrimitives.dll
0x00007fff2ab50000 - 0x00007fff2ab6e000 	C:\Users\paull\.jdks\openjdk-22.0.1\bin\java.dll
0x00007fff4d880000 - 0x00007fff4dfef000 	C:\Windows\System32\SHELL32.dll
0x00007fff4dff0000 - 0x00007fff4e11b000 	C:\Windows\System32\ole32.dll
0x00007fff4e120000 - 0x00007fff4e475000 	C:\Windows\System32\combase.dll
0x00007fff49d00000 - 0x00007fff4a4a3000 	C:\Windows\SYSTEM32\windows.storage.dll
0x00007fff4b5e0000 - 0x00007fff4b60b000 	C:\Windows\SYSTEM32\Wldp.dll
0x00007fff4ccc0000 - 0x00007fff4cd8d000 	C:\Windows\System32\OLEAUT32.dll
0x00007fff4c610000 - 0x00007fff4c6bd000 	C:\Windows\System32\SHCORE.dll
0x00007fff4cd90000 - 0x00007fff4cde5000 	C:\Windows\System32\shlwapi.dll
0x00007fff4bbb0000 - 0x00007fff4bbd5000 	C:\Windows\SYSTEM32\profapi.dll
0x00007ffef6ab0000 - 0x00007ffef6b87000 	C:\Users\paull\.jdks\openjdk-22.0.1\bin\jsvml.dll
0x00007fff2eb00000 - 0x00007fff2eb10000 	C:\Users\paull\.jdks\openjdk-22.0.1\bin\net.dll
0x00007fff4b340000 - 0x00007fff4b3ac000 	C:\Windows\system32\mswsock.dll
0x00007fff09d40000 - 0x00007fff09d56000 	C:\Users\paull\.jdks\openjdk-22.0.1\bin\nio.dll
0x00007fff29be0000 - 0x00007fff29bf7000 	C:\Users\paull\.jdks\openjdk-22.0.1\bin\zip.dll
0x00007ffef4910000 - 0x00007ffef498b000 	C:\Users\paull\AppData\Local\Temp\lwjgl_paull\3.3.3+5\x64\lwjgl.dll
0x00007ffeea690000 - 0x00007ffeea712000 	C:\Users\paull\AppData\Local\Temp\lwjgl_paull\3.3.3+5\x64\glfw.dll
0x00007fff29000000 - 0x00007fff29045000 	C:\Windows\SYSTEM32\dinput8.dll
0x00007fff09b50000 - 0x00007fff09b61000 	C:\Windows\SYSTEM32\xinput1_4.dll
0x00007fff4c1c0000 - 0x00007fff4c20e000 	C:\Windows\System32\cfgmgr32.dll
0x00007fff4b940000 - 0x00007fff4b973000 	C:\Windows\SYSTEM32\DEVOBJ.dll
0x00007fff49940000 - 0x00007fff4996f000 	C:\Windows\SYSTEM32\dwmapi.dll
0x00007fff2ecc0000 - 0x00007fff2ee12000 	C:\Windows\SYSTEM32\inputhost.dll
0x00007fff488c0000 - 0x00007fff489b2000 	C:\Windows\SYSTEM32\CoreMessaging.dll
0x00007fff48400000 - 0x00007fff48557000 	C:\Windows\SYSTEM32\wintypes.dll
0x00007fff45730000 - 0x00007fff45826000 	C:\Windows\SYSTEM32\PROPSYS.dll
0x00007fff48560000 - 0x00007fff488bb000 	C:\Windows\SYSTEM32\CoreUIComponents.dll
0x00007fff4aeb0000 - 0x00007fff4aee3000 	C:\Windows\SYSTEM32\ntmarta.dll
0x00007fff49610000 - 0x00007fff496ae000 	C:\Windows\system32\uxtheme.dll
0x00007fff4e480000 - 0x00007fff4e595000 	C:\Windows\System32\MSCTF.dll
0x00007ffeec5c0000 - 0x00007ffeec6e8000 	C:\Windows\SYSTEM32\opengl32.dll
0x00007fff31990000 - 0x00007fff319bc000 	C:\Windows\SYSTEM32\GLU32.dll
0x00007fff4d3c0000 - 0x00007fff4d469000 	C:\Windows\System32\clbcatq.dll
0x00007ffed6cc0000 - 0x00007ffed94ad000 	C:\Windows\System32\DriverStore\FileRepository\nv_dispi.inf_amd64_521f36110c1a672d\nvoglv64.dll
0x00007fff4c780000 - 0x00007fff4cbf1000 	C:\Windows\System32\SETUPAPI.dll
0x00007fff47c00000 - 0x00007fff47c14000 	C:\Windows\SYSTEM32\WTSAPI32.dll
0x00007fff4b770000 - 0x00007fff4b782000 	C:\Windows\SYSTEM32\msasn1.dll
0x00007fff456f0000 - 0x00007fff45721000 	C:\Windows\SYSTEM32\cryptnet.dll
0x00007fff4c210000 - 0x00007fff4c36d000 	C:\Windows\System32\CRYPT32.dll
0x00007fff4b530000 - 0x00007fff4b53c000 	C:\Windows\SYSTEM32\cryptbase.dll
0x00007fff45410000 - 0x00007fff45557000 	C:\Windows\SYSTEM32\drvstore.dll
0x00007fff4bd20000 - 0x00007fff4bd93000 	C:\Windows\System32\WINTRUST.dll
0x00007fff4c6c0000 - 0x00007fff4c6dd000 	C:\Windows\System32\imagehlp.dll
0x00007fff4b540000 - 0x00007fff4b558000 	C:\Windows\SYSTEM32\CRYPTSP.dll
0x00007fff4ac60000 - 0x00007fff4ac98000 	C:\Windows\system32\rsaenh.dll
0x00007fff3baa0000 - 0x00007fff3f23a000 	C:\Windows\System32\DriverStore\FileRepository\nv_dispi.inf_amd64_521f36110c1a672d\nvgpucomp64.dll
0x00007fff3fc50000 - 0x00007fff3fc8b000 	C:\Windows\SYSTEM32\dxcore.dll
0x00007fff09660000 - 0x00007fff09964000 	C:\Windows\system32\nvspcap64.dll
0x00007fff4b9b0000 - 0x00007fff4ba0b000 	C:\Windows\SYSTEM32\WINSTA.dll
0x00007fff31f40000 - 0x00007fff32039000 	C:\Windows\SYSTEM32\textinputframework.dll
0x00007fff064e0000 - 0x00007fff0653e000 	C:\Users\paull\AppData\Local\Temp\lwjgl_paull\3.3.3+5\x64\lwjgl_opengl.dll
0x00007ffef6720000 - 0x00007ffef67a2000 	C:\Users\paull\AppData\Local\Temp\lwjgl_paull\3.3.3+5\x64\lwjgl_stb.dll

dbghelp: loaded successfully - version: 4.0.5 - missing functions: none
symbol engine: initialized successfully - sym options: 0x614 - pdb path: .;C:\Users\paull\.jdks\openjdk-22.0.1\bin;C:\Windows\SYSTEM32;C:\Windows\WinSxS\amd64_microsoft.windows.common-controls_6595b64144ccf1df_6.0.19041.4355_none_60b8b9eb71f62e16;C:\Users\paull\.jdks\openjdk-22.0.1\bin\server;C:\Users\paull\AppData\Local\Temp\lwjgl_paull\3.3.3+5\x64;C:\Windows\System32\DriverStore\FileRepository\nv_dispi.inf_amd64_521f36110c1a672d

VM Arguments:
jvm_args: -Dfile.encoding=UTF-8 -Duser.country=DE -Duser.language=de -Duser.variant 
java_command: org.ravry.core.Main
java_class_path (initial): C:\Users\paull\Desktop\git.ravry\lwjgl-inital\build\classes\java\main;C:\Users\paull\Desktop\git.ravry\lwjgl-inital\build\resources\main;C:\Users\paull\.gradle\caches\modules-2\files-2.1\org.lwjgl\lwjgl-freetype\3.3.3\a0db6c84a8becc8ca05f9dbfa985edc348a824c7\lwjgl-freetype-3.3.3.jar;C:\Users\paull\.gradle\caches\modules-2\files-2.1\org.lwjgl\lwjgl-freetype\3.3.3\81091b006dbb43fab04c8c638e9ac87c51b4096d\lwjgl-freetype-3.3.3-natives-windows.jar;C:\Users\paull\.gradle\caches\modules-2\files-2.1\org.lwjgl\lwjgl-glfw\3.3.3\efa1eb78c5ccd840e9f329717109b5e892d72f8e\lwjgl-glfw-3.3.3.jar;C:\Users\paull\.gradle\caches\modules-2\files-2.1\org.lwjgl\lwjgl-glfw\3.3.3\e449e28b4891fc423c54c85fbc5bb0b9efece67a\lwjgl-glfw-3.3.3-natives-windows.jar;C:\Users\paull\.gradle\caches\modules-2\files-2.1\org.lwjgl\lwjgl-opengl\3.3.3\2f6b0147078396a58979125a4c947664e98293a\lwjgl-opengl-3.3.3.jar;C:\Users\paull\.gradle\caches\modules-2\files-2.1\org.lwjgl\lwjgl-opengl\3.3.3\e6c1eec8be8a71951b830a4d69efc01c6531900c\lwjgl-opengl-3.3.3-natives-windows.jar;C:\Users\paull\.gradle\caches\modules-2\files-2.1\org.lwjgl\lwjgl-stb\3.3.3\25dd6161988d7e65f71d5065c99902402ee32746\lwjgl-stb-3.3.3.jar;C:\Users\paull\.gradle\caches\modules-2\files-2.1\org.lwjgl\lwjgl-stb\3.3.3\1d9facdf6541de114b0f963be33505b7679c78cb\lwjgl-stb-3.3.3-natives-windows.jar;C:\Users\paull\.gradle\caches\modules-2\files-2.1\org.lwjgl\lwjgl\3.3.3\29589b5f87ed335a6c7e7ee6a5775f81f97ecb84\lwjgl-3.3.3.jar;C:\Users\paull\.gradle\caches\modules-2\files-2.1\org.lwjgl\lwjgl\3.3.3\a5ed18a2b82fc91b81f40d717cb1f64c9dcb0540\lwjgl-3.3.3-natives-windows.jar;C:\Users\paull\.gradle\caches\modules-2\files-2.1\org.joml\joml\1.10.7\f8c3f2e7db281bde099342dd36133de4bbba390c\joml-1.10.7.jar;C:\Users\paull\.gradle\caches\modules-2\files-2.1\org.jetbrains.kotlin\kotlin-stdlib-jdk8\1.8.20\73576ddf378c5b4f1f6b449fe6b119b8183fc078\kotlin-stdlib-jdk8-1.8.20.jar;C:\Users\paull\.gradle\caches\modules-2\files-2.1\org.jetbrains.kotlin\kotlin-stdlib-jdk7\1.8.20\3aa51faf20aae8b31e1a4bc54f8370673d7b7df4\kotlin-stdlib-jdk7-1.8.20.jar;C:\Users\paull\.gradle\caches\modules-2\files-2.1\org.jetbrains.kotlin\kotlin-stdlib\1.8.20\e72fc5e03ec6c064c678a6bd0d955c88d55b0c4a\kotlin-stdlib-1.8.20.jar;C:\Users\paull\.gradle\caches\modules-2\files-2.1\org.jetbrains.kotlin\kotlin-stdlib-common\1.8.20\5eddaaf234c8c49d03eebeb6a14feb7f90faca71\kotlin-stdlib-common-1.8.20.jar;C:\Users\paull\.gradle\caches\modules-2\files-2.1\org.jetbrains\annotations\13.0\919f0dfe192fb4e063e7dacadee7f8bb9a2672a9\annotations-13.0.jar
Launcher Type: SUN_STANDARD

[Global flags]
     intx CICompilerCount                          = 4                                         {product} {ergonomic}
     uint ConcGCThreads                            = 2                                         {product} {ergonomic}
     uint G1ConcRefinementThreads                  = 8                                         {product} {ergonomic}
   size_t G1HeapRegionSize                         = 2097152                                   {product} {ergonomic}
   size_t InitialHeapSize                          = 268435456                                 {product} {ergonomic}
   size_t MarkStackSize                            = 4194304                                   {product} {ergonomic}
   size_t MaxHeapSize                              = 4286578688                                {product} {ergonomic}
   size_t MaxNewSize                               = 2571108352                                {product} {ergonomic}
   size_t MinHeapDeltaBytes                        = 2097152                                   {product} {ergonomic}
   size_t MinHeapSize                              = 8388608                                   {product} {ergonomic}
    uintx NonNMethodCodeHeapSize                   = 5839372                                {pd product} {ergonomic}
    uintx NonProfiledCodeHeapSize                  = 122909434                              {pd product} {ergonomic}
    uintx ProfiledCodeHeapSize                     = 122909434                              {pd product} {ergonomic}
    uintx ReservedCodeCacheSize                    = 251658240                              {pd product} {ergonomic}
     bool SegmentedCodeCache                       = true                                      {product} {ergonomic}
   size_t SoftMaxHeapSize                          = 4286578688                             {manageable} {ergonomic}
     bool UseCompressedOops                        = true                           {product lp64_product} {ergonomic}
     bool UseG1GC                                  = true                                      {product} {ergonomic}
     bool UseLargePagesIndividualAllocation        = false                                  {pd product} {ergonomic}

Logging:
Log output configuration:
 #0: stdout all=warning uptime,level,tags foldmultilines=false
 #1: stderr all=off uptime,level,tags foldmultilines=false

Environment Variables:
PATH=C:\VulkanSDK\1.4.304.1\Bin;C:\Program Files\NVIDIA GPU Computing Toolkit\CUDA\v12.8\bin;C:\Program Files\NVIDIA GPU Computing Toolkit\CUDA\v12.8\libnvvp;C:\Program Files\NVIDIA GPU Computing Toolkit\CUDA\v12.6\bin;C:\Program Files\NVIDIA GPU Computing Toolkit\CUDA\v12.6\libnvvp;C:\Program Files\Common Files\Oracle\Java\javapath;C:\Program Files (x86)\Common Files\Oracle\Java\java8path;C:\Program Files (x86)\Common Files\Oracle\Java\javapath;C:\Windows\system32;C:\Windows;C:\Windows\System32\Wbem;C:\Windows\System32\WindowsPowerShell\v1.0\;C:\Windows\System32\OpenSSH\;C:\Program Files\dotnet\;C:\Program Files (x86)\NVIDIA Corporation\PhysX\Common;C:\Program Files\Git\cmd;C:\Ninja;C:\Program Files\Microsoft Visual Studio\2022\Community\VC\Tools\MSVC\14.34.31933\bin\Hostx64\x64\cl.exe;C:\ProgramData\chocolatey\bin;C:\Users\paull\Desktop\me\CPP\OpenRaycasting\OpenRaycasting\lib\Assimp\bin\x64;C:\Users\paull\Desktop\me\Progammiersprachen\C++\WallpaperRework\WallpaperRework\external\glfw\lib-vc2022;C:\Program Files\NVIDIA Corporation\Nsight Compute 2025.1.0\;C:\Program Files\NVIDIA Corporation\NVIDIA app\NvDLISR;C:\Program Files\CMake\bin;C:\Program Files\nodejs\;C:\Program Files\PowerShell\7\;C:\Users\paull\.cargo\bin;C:\Users\paull\AppData\Local\Microsoft\WindowsApps;C:\Users\paull\.dotnet\tools;C:\Users\paull\AppData\Local\Programs\Microsoft VS Code\bin;C:\Program Files\JetBrains\PyCharm Community Edition 2022.3.2\bin;;C:\Users\paull\Desktop\de.me\Web\executables;C:\Users\paull\AppData\Roaming\Microsoft\Windows\Start Menu\Programs\Python 3.11;C:\Users\paull\AppData\Local\GitHubDesktop\bin;C:\ffmpeg;C:\flutterSDK\flutter\bin;C:\Users\paull\Desktop\ravuy\WindowsProject1\WindowsProject1\vendor\opencvSelf\opencv\build\install\x64\vc17\bin;C:\Users\paull\Desktop\MultiCallouts\Prototype\Prototype\libs\opencv\build\bin\opencv_videoio_ffmpeg480_64.dll;C:\Program Files\NVIDIA GPU Computing Toolkit\CUDA\v12.6\bin;C:\Users\paull\Desktop\me\CPP\OpenRaycasting\OpenRaycasting\lib\ft;C:\Program Files\NVIDIA GPU Computing Toolkit\CUDA\v12.8\bin;C:\Program Files\NVIDIA GPU Computing Toolkit\CUDA\v12.8\include;C:\Program Files\NVIDIA GPU Computing Toolkit\CUDA\v12.8\libnvvp;C:\msys64\ucrt64\bin;C:\Program Files\CMake\bin;C:\msys64\mingw64\bin;C:\Program Files\Git\cmd\git.exe;C:\vcpkg;C:\Users\paull\AppData\Roaming\npm;C:\Program Files\Java\jdk-22\bin;
USERNAME=paull
OS=Windows_NT
PROCESSOR_IDENTIFIER=Intel64 Family 6 Model 158 Stepping 9, GenuineIntel
TMP=C:\Users\paull\AppData\Local\Temp
TEMP=C:\Users\paull\AppData\Local\Temp




Periodic native trim disabled

---------------  S Y S T E M  ---------------

OS:
 Windows 10 , 64 bit Build 19041 (10.0.19041.5678)
OS uptime: 6 days 18:24 hours

CPU: total 8 (initial active 8) (4 cores per cpu, 2 threads per core) family 6 model 158 stepping 9 microcode 0xb4, cx8, cmov, fxsr, ht, mmx, 3dnowpref, sse, sse2, sse3, ssse3, sse4.1, sse4.2, popcnt, lzcnt, tsc, tscinvbit, avx, avx2, aes, erms, clmul, bmi1, bmi2, rtm, adx, fma, vzeroupper, clflush, clflushopt, rdtscp, f16c
Processor Information for all 8 processors :
  Max Mhz: 3600, Current Mhz: 3600, Mhz Limit: 3600

Memory: 4k page, system-wide physical 16347M (6991M free)
TotalPageFile size 19923M (AvailPageFile size 7236M)
current process WorkingSet (physical memory assigned to process): 95M, peak: 95M
current process commit charge ("private bytes"): 422M, peak: 422M

vm_info: OpenJDK 64-Bit Server VM (22.0.1+8-16) for windows-amd64 JRE (22.0.1+8-16), built on 2024-03-12T10:33:16Z by "mach5one" with MS VC++ 17.6 (VS2022)

END.
